TN:
SF:/incubator-superset/superset/assets/src/addSlice/AddSliceContainer.jsx
FN:18,AddSliceContainer
FN:21,(anonymous_10)
FN:27,exploreUrl
FN:36,gotoSlice
FN:40,changeDatasource
FN:48,changeVisType
FN:52,isBtnDisabled
FN:56,render
FNF:8
FNH:5
FNDA:6,AddSliceContainer
FNDA:288,(anonymous_10)
FNDA:1,exploreUrl
FNDA:0,gotoSlice
FNDA:0,changeDatasource
FNDA:0,changeVisType
FNDA:8,isBtnDisabled
FNDA:8,render
DA:1,1
DA:2,1
DA:3,1
DA:4,1
DA:5,1
DA:6,1
DA:8,1
DA:15,1
DA:17,1
DA:18,1
DA:19,6
DA:20,6
DA:21,288
DA:22,6
DA:27,1
DA:28,1
DA:33,1
DA:36,1
DA:37,0
DA:40,1
DA:41,0
DA:48,1
DA:49,0
DA:52,1
DA:53,8
DA:56,1
DA:58,8
DA:110,1
LF:28
LH:25
BRDA:19,16,0,6
BRDA:19,16,1,0
BRDA:53,17,0,8
BRDA:53,17,1,2
BRF:4
BRH:3
end_of_record
TN:
SF:/incubator-superset/superset/assets/src/explore/visTypes.jsx
FN:1,(anonymous_3)
FN:1,sliceIterator
FN:1,(anonymous_5)
FN:86,(anonymous_10)
FN:1566,(anonymous_15)
FN:1860,sectionsToRender
FN:1865,(anonymous_19)
FN:1881,(anonymous_20)
FNF:8
FNH:3
FNDA:1,(anonymous_3)
FNDA:0,sliceIterator
FNDA:0,(anonymous_5)
FNDA:0,(anonymous_10)
FNDA:0,(anonymous_15)
FNDA:1,sectionsToRender
FNDA:0,(anonymous_19)
FNDA:6,(anonymous_20)
DA:1,1
DA:5,1
DA:6,1
DA:7,1
DA:8,1
DA:10,1
DA:82,1
DA:84,0
DA:86,0
DA:91,1
DA:782,0
DA:1565,0
DA:1566,0
DA:1778,0
DA:1858,1
DA:1860,1
DA:1861,1
DA:1863,1
DA:1864,1
DA:1865,0
DA:1866,0
DA:1867,0
DA:1872,0
DA:1877,1
DA:1881,6
LF:25
LH:15
BRDA:1,5,0,0
BRDA:1,5,1,0
BRDA:1,6,0,0
BRDA:1,6,1,0
BRDA:1,7,0,0
BRDA:1,7,1,0
BRDA:1,8,0,0
BRDA:1,8,1,0
BRDA:1,9,0,0
BRDA:1,9,1,0
BRDA:1,10,0,0
BRDA:1,10,1,0
BRDA:1,11,0,0
BRDA:1,11,1,0
BRDA:86,18,0,0
BRDA:86,18,1,0
BRDA:1566,19,0,0
BRDA:1566,19,1,0
BRDA:1779,20,0,0
BRDA:1779,20,1,0
BRDA:1778,21,0,0
BRDA:1778,21,1,0
BRDA:1864,22,0,0
BRDA:1864,22,1,1
BRDA:1866,23,0,0
BRDA:1866,23,1,0
BRDA:1866,24,0,0
BRDA:1866,24,1,0
BRDA:1866,25,0,0
BRDA:1866,25,1,0
BRDA:1879,26,0,1
BRDA:1879,26,1,0
BRF:32
BRH:2
end_of_record
TN:
SF:/incubator-superset/superset/assets/src/explore/controls.jsx
FN:106,filterOption
FN:110,mapStateToProps
FN:113,(anonymous_11)
FN:127,_default
FN:131,mapStateToProps
FN:160,jsFunctionControl
FN:194,mapStateToProps
FN:196,(anonymous_23)
FN:562,(anonymous_26)
FN:597,tooltipOnClick
FN:880,mapStateToProps
FN:883,(anonymous_61)
FN:1248,mapStateToProps
FN:1928,(anonymous_84)
FN:2118,mutator
FN:2122,(anonymous_93)
FN:2136,mutator
FN:2140,(anonymous_96)
FN:2167,mutator
FN:2171,(anonymous_99)
FNF:20
FNH:7
FNDA:0,filterOption
FNDA:1,mapStateToProps
FNDA:0,(anonymous_11)
FNDA:0,_default
FNDA:2,mapStateToProps
FNDA:4,jsFunctionControl
FNDA:1,mapStateToProps
FNDA:0,(anonymous_23)
FNDA:19,(anonymous_26)
FNDA:0,tooltipOnClick
FNDA:1,mapStateToProps
FNDA:0,(anonymous_61)
FNDA:0,mapStateToProps
FNDA:8,(anonymous_84)
FNDA:0,mutator
FNDA:0,(anonymous_93)
FNDA:0,mutator
FNDA:0,(anonymous_96)
FNDA:0,mutator
FNDA:0,(anonymous_99)
DA:41,1
DA:42,1
DA:47,1
DA:48,1
DA:49,1
DA:50,1
DA:51,1
DA:52,1
DA:54,1
DA:57,1
DA:68,1
DA:70,1
DA:72,1
DA:82,1
DA:89,1
DA:96,1
DA:103,0
DA:104,0
DA:106,1
DA:107,0
DA:110,1
DA:111,1
DA:112,1
DA:113,0
DA:114,0
DA:115,0
DA:118,1
DA:122,1
DA:127,1
DA:128,0
DA:129,0
DA:131,1
DA:132,2
DA:133,2
DA:141,1
DA:145,0
DA:148,1
DA:151,1
DA:160,4
DA:161,4
DA:175,0
DA:183,1
DA:194,1
DA:233,1
DA:562,19
DA:597,1
DA:598,0
DA:623,0
DA:624,0
DA:626,1
DA:636,0
DA:646,0
DA:656,0
DA:667,0
DA:678,0
DA:695,0
DA:705,0
DA:733,0
DA:743,0
DA:875,0
DA:877,0
DA:878,0
DA:880,1
DA:881,1
DA:882,1
DA:883,0
DA:884,0
DA:885,0
DA:886,0
DA:887,0
DA:888,0
DA:891,1
DA:898,0
DA:904,1
DA:1011,1
DA:1118,0
DA:1129,0
DA:1248,1
DA:1249,0
DA:1253,0
DA:1328,0
DA:1654,0
DA:1702,0
DA:1714,0
DA:1876,1
DA:1928,8
DA:2020,0
DA:2021,0
DA:2082,0
DA:2118,1
DA:2119,0
DA:2120,0
DA:2122,0
DA:2136,1
DA:2137,0
DA:2138,0
DA:2140,0
DA:2167,1
DA:2168,0
DA:2169,0
DA:2171,0
DA:2228,1
LF:102
LH:50
BRDA:107,7,0,0
BRDA:107,7,1,0
BRDA:107,7,2,0
BRDA:107,7,3,0
BRDA:112,8,0,0
BRDA:112,8,1,1
BRDA:114,9,0,0
BRDA:114,9,1,0
BRDA:114,10,0,0
BRDA:114,10,1,0
BRDA:129,11,0,0
BRDA:129,11,1,0
BRDA:134,12,0,0
BRDA:134,12,1,2
BRDA:135,13,0,0
BRDA:135,13,1,2
BRDA:136,14,0,2
BRDA:136,14,1,0
BRDA:160,15,0,0
BRDA:160,15,1,4
BRDA:160,16,0,4
BRDA:160,16,1,0
BRDA:160,17,0,0
BRDA:160,17,1,4
BRDA:160,18,0,4
BRDA:160,18,1,0
BRDA:160,19,0,0
BRDA:160,19,1,4
BRDA:160,20,0,4
BRDA:160,20,1,0
BRDA:177,21,0,0
BRDA:177,21,1,0
BRDA:196,22,0,1
BRDA:196,22,1,0
BRDA:234,23,0,0
BRDA:234,23,1,1
BRDA:627,24,0,0
BRDA:627,24,1,1
BRDA:637,25,0,0
BRDA:637,25,1,0
BRDA:647,26,0,0
BRDA:647,26,1,0
BRDA:657,27,0,0
BRDA:657,27,1,0
BRDA:668,28,0,0
BRDA:668,28,1,0
BRDA:679,29,0,0
BRDA:679,29,1,0
BRDA:696,30,0,0
BRDA:696,30,1,0
BRDA:706,31,0,0
BRDA:706,31,1,0
BRDA:734,32,0,0
BRDA:734,32,1,0
BRDA:744,33,0,0
BRDA:744,33,1,0
BRDA:882,34,0,0
BRDA:882,34,1,1
BRDA:885,35,0,0
BRDA:885,35,1,0
BRDA:887,36,0,0
BRDA:887,36,1,0
BRDA:887,37,0,0
BRDA:887,37,1,0
BRDA:898,38,0,0
BRDA:898,38,1,0
BRDA:898,39,0,0
BRDA:898,39,1,0
BRDA:905,40,0,0
BRDA:905,40,1,1
BRDA:1012,41,0,0
BRDA:1012,41,1,1
BRDA:1013,42,0,0
BRDA:1013,42,1,1
BRDA:1014,43,0,1
BRDA:1014,43,1,0
BRDA:1119,44,0,0
BRDA:1119,44,1,0
BRDA:1130,45,0,0
BRDA:1130,45,1,0
BRDA:1250,46,0,0
BRDA:1250,46,1,0
BRDA:1250,46,2,0
BRDA:1255,47,0,0
BRDA:1255,47,1,0
BRDA:1329,48,0,0
BRDA:1329,48,1,0
BRDA:1329,49,0,0
BRDA:1329,49,1,0
BRDA:1655,50,0,0
BRDA:1655,50,1,0
BRDA:1877,51,0,0
BRDA:1877,51,1,1
BRDA:1878,52,0,0
BRDA:1878,52,1,1
BRDA:2083,53,0,0
BRDA:2083,53,1,0
BRDA:2119,54,0,0
BRDA:2119,54,1,0
BRDA:2119,55,0,0
BRDA:2119,55,1,0
BRDA:2137,56,0,0
BRDA:2137,56,1,0
BRDA:2137,57,0,0
BRDA:2137,57,1,0
BRDA:2168,58,0,0
BRDA:2168,58,1,0
BRDA:2168,59,0,0
BRDA:2168,59,1,0
BRF:109
BRH:20
end_of_record
TN:
SF:/incubator-superset/superset/assets/src/modules/utils.js
FN:9,defaultNumberFormatter
FN:18,d3FormatPreset
FN:28,d3TimeFormatPreset
FN:34,(anonymous_6)
FN:47,wrapSvgText
FN:50,(anonymous_8)
FN:100,showModal
FN:111,showApiMessage
FN:122,toggleCheckbox
FN:124,(anonymous_12)
FN:135,fixDataTableBodyHeight
FN:144,d3format
FN:162,done
FN:163,error
FN:164,always
FN:165,addFiler
FN:166,setFilter
FN:168,removeFilter
FN:172,formatSelectOptionsForRange
FN:183,formatSelectOptions
FN:184,(anonymous_32)
FN:189,slugify
FN:199,getAjaxErrorMsg
FN:205,getDatasourceParameter
FN:209,customizeToolTip
FN:211,(anonymous_37)
FN:219,(anonymous_38)
FN:234,initJQueryAjax
FN:240,beforeSend
FN:249,tryNumify
FN:258,getParam
FN:266,mainMetric
FN:270,(anonymous_45)
FNF:33
FNH:10
FNDA:18,defaultNumberFormatter
FNDA:2,d3FormatPreset
FNDA:0,d3TimeFormatPreset
FNDA:0,(anonymous_6)
FNDA:0,wrapSvgText
FNDA:0,(anonymous_8)
FNDA:0,showModal
FNDA:0,showApiMessage
FNDA:0,toggleCheckbox
FNDA:0,(anonymous_12)
FNDA:0,fixDataTableBodyHeight
FNDA:3,d3format
FNDA:0,done
FNDA:0,error
FNDA:0,always
FNDA:0,addFiler
FNDA:0,setFilter
FNDA:0,removeFilter
FNDA:5,formatSelectOptionsForRange
FNDA:26,formatSelectOptions
FNDA:155,(anonymous_32)
FNDA:19,slugify
FNDA:0,getAjaxErrorMsg
FNDA:0,getDatasourceParameter
FNDA:0,customizeToolTip
FNDA:0,(anonymous_37)
FNDA:0,(anonymous_38)
FNDA:0,initJQueryAjax
FNDA:0,beforeSend
FNDA:4,tryNumify
FNDA:0,getParam
FNDA:5,mainMetric
FNDA:6,(anonymous_45)
DA:2,1
DA:3,1
DA:5,1
DA:7,1
DA:9,1
DA:10,18
DA:12,18
DA:13,10
DA:15,18
DA:18,1
DA:20,2
DA:21,1
DA:23,1
DA:24,1
DA:26,0
DA:28,1
DA:29,0
DA:30,0
DA:31,0
DA:33,0
DA:34,0
DA:35,0
DA:36,0
DA:47,1
DA:48,0
DA:50,0
DA:51,0
DA:52,0
DA:53,0
DA:54,0
DA:55,0
DA:56,0
DA:57,0
DA:58,0
DA:59,0
DA:64,0
DA:65,0
DA:66,0
DA:67,0
DA:68,0
DA:69,0
DA:70,0
DA:72,0
DA:73,0
DA:75,0
DA:78,0
DA:81,0
DA:82,0
DA:100,1
DA:102,0
DA:103,0
DA:104,0
DA:105,0
DA:106,0
DA:107,0
DA:111,1
DA:112,0
DA:116,0
DA:117,0
DA:122,1
DA:123,0
DA:124,0
DA:125,0
DA:126,0
DA:127,0
DA:135,1
DA:136,0
DA:137,0
DA:138,0
DA:139,0
DA:140,0
DA:141,0
DA:144,1
DA:145,3
DA:147,3
DA:148,3
DA:149,3
DA:151,3
DA:152,3
DA:154,0
DA:160,1
DA:162,1
DA:163,1
DA:164,1
DA:165,1
DA:166,1
DA:167,0
DA:168,1
DA:172,1
DA:176,5
DA:177,5
DA:178,117
DA:180,5
DA:183,1
DA:184,26
DA:185,155
DA:189,1
DA:191,19
DA:199,1
DA:200,0
DA:201,0
DA:205,1
DA:206,0
DA:209,1
DA:210,0
DA:211,0
DA:212,0
DA:213,0
DA:215,0
DA:219,0
DA:220,0
DA:221,0
DA:222,0
DA:228,0
DA:230,0
DA:234,1
DA:237,0
DA:238,0
DA:239,0
DA:240,1
DA:241,0
DA:242,0
DA:249,1
DA:251,4
DA:252,4
DA:253,1
DA:255,3
DA:258,1
DA:260,0
DA:261,0
DA:262,0
DA:263,0
DA:266,1
DA:268,5
DA:269,5
DA:270,3
DA:271,6
DA:272,2
DA:275,3
DA:276,1
DA:279,5
LF:141
LH:64
BRDA:12,3,0,10
BRDA:12,3,1,8
BRDA:20,4,0,1
BRDA:20,4,1,1
BRDA:23,5,0,1
BRDA:23,5,1,0
BRDA:29,6,0,0
BRDA:29,6,1,0
BRDA:30,7,0,0
BRDA:30,7,1,0
BRDA:69,8,0,0
BRDA:69,8,1,0
BRDA:81,9,0,0
BRDA:81,9,1,0
BRDA:81,10,0,0
BRDA:81,10,1,0
BRDA:102,11,0,0
BRDA:102,11,1,0
BRDA:103,12,0,0
BRDA:103,12,1,0
BRDA:104,13,0,0
BRDA:104,13,1,0
BRDA:105,14,0,0
BRDA:105,14,1,0
BRDA:106,15,0,0
BRDA:106,15,1,0
BRDA:116,16,0,0
BRDA:116,16,1,0
BRDA:126,17,0,0
BRDA:126,17,1,0
BRDA:126,18,0,0
BRDA:126,18,1,0
BRDA:137,19,0,0
BRDA:137,19,1,0
BRDA:138,20,0,0
BRDA:138,20,1,0
BRDA:139,21,0,0
BRDA:139,21,1,0
BRDA:140,22,0,0
BRDA:140,22,1,0
BRDA:147,23,0,3
BRDA:147,23,1,1
BRDA:148,24,0,3
BRDA:148,24,1,0
BRDA:201,25,0,0
BRDA:201,25,1,0
BRDA:201,26,0,0
BRDA:201,26,1,0
BRDA:238,27,0,0
BRDA:238,27,1,0
BRDA:241,28,0,0
BRDA:241,28,1,0
BRDA:241,29,0,0
BRDA:241,29,1,0
BRDA:252,30,0,1
BRDA:252,30,1,3
BRDA:263,31,0,0
BRDA:263,31,1,0
BRDA:269,32,0,3
BRDA:269,32,1,2
BRDA:269,33,0,5
BRDA:269,33,1,4
BRDA:271,34,0,2
BRDA:271,34,1,4
BRDA:275,35,0,1
BRDA:275,35,1,2
BRF:66
BRH:18
end_of_record
TN:
SF:/incubator-superset/superset/assets/src/modules/dates.js
FN:5,UTC
FN:16,(anonymous_3)
FN:26,tickMultiFormatConcise
FN:51,(anonymous_6)
FN:58,(anonymous_7)
FN:65,(anonymous_8)
FN:72,(anonymous_9)
FN:79,(anonymous_10)
FN:86,(anonymous_11)
FN:93,(anonymous_12)
FN:100,(anonymous_13)
FN:105,formatDate
FN:110,formatDateVerbose
FN:115,formatDateThunk
FN:121,(anonymous_20)
FN:127,fDuration
FN:133,now
FN:138,epochTimeXHoursAgo
FN:145,epochTimeXDaysAgo
FN:152,epochTimeXYearsAgo
FNF:20
FNH:18
FNDA:9,UTC
FNDA:1,(anonymous_3)
FNDA:5,tickMultiFormatConcise
FNDA:4,(anonymous_6)
FNDA:4,(anonymous_7)
FNDA:4,(anonymous_8)
FNDA:4,(anonymous_9)
FNDA:4,(anonymous_10)
FNDA:3,(anonymous_11)
FNDA:2,(anonymous_12)
FNDA:1,(anonymous_13)
FNDA:5,formatDate
FNDA:4,formatDateVerbose
FNDA:0,formatDateThunk
FNDA:0,(anonymous_20)
FNDA:5,fDuration
FNDA:16,now
FNDA:1,epochTimeXHoursAgo
FNDA:2,epochTimeXDaysAgo
FNDA:1,epochTimeXYearsAgo
DA:1,1
DA:3,1
DA:5,1
DA:6,9
DA:16,1
DA:17,1
DA:18,1
DA:19,1
DA:20,1
DA:21,1
DA:22,1
DA:23,1
DA:24,1
DA:26,1
DA:27,5
DA:28,5
DA:29,0
DA:30,5
DA:31,0
DA:32,5
DA:33,0
DA:34,5
DA:35,0
DA:36,5
DA:37,2
DA:38,3
DA:39,1
DA:41,2
DA:44,5
DA:48,1
DA:52,4
DA:59,4
DA:66,4
DA:73,4
DA:80,4
DA:87,3
DA:94,2
DA:101,1
DA:105,1
DA:106,5
DA:107,5
DA:110,1
DA:111,4
DA:112,4
DA:115,1
DA:116,0
DA:117,0
DA:120,0
DA:121,0
DA:122,0
DA:123,0
DA:127,5
DA:128,5
DA:129,5
DA:130,5
DA:133,1
DA:135,16
DA:138,1
DA:139,1
DA:145,1
DA:146,2
DA:152,1
DA:153,1
LF:63
LH:53
BRDA:28,3,0,0
BRDA:28,3,1,5
BRDA:30,4,0,0
BRDA:30,4,1,5
BRDA:32,5,0,0
BRDA:32,5,1,5
BRDA:34,6,0,0
BRDA:34,6,1,5
BRDA:36,7,0,2
BRDA:36,7,1,3
BRDA:37,8,0,1
BRDA:37,8,1,1
BRDA:38,9,0,1
BRDA:38,9,1,2
BRDA:94,10,0,2
BRDA:94,10,1,1
BRDA:116,11,0,0
BRDA:116,11,1,0
BRDA:127,12,0,0
BRDA:127,12,1,5
BRDA:127,13,0,5
BRDA:127,13,1,0
BRF:22
BRH:14
end_of_record
TN:
SF:/incubator-superset/superset/assets/src/explore/validators.js
FN:9,numeric
FN:16,integer
FN:23,nonEmpty
FNF:3
FNH:0
FNDA:0,numeric
FNDA:0,integer
FNDA:0,nonEmpty
DA:7,1
DA:9,1
DA:10,0
DA:11,0
DA:13,0
DA:16,1
DA:17,0
DA:18,0
DA:20,0
DA:23,1
DA:25,0
DA:30,0
DA:32,0
LF:13
LH:4
BRDA:10,1,0,0
BRDA:10,1,1,0
BRDA:10,2,0,0
BRDA:10,2,1,0
BRDA:17,3,0,0
BRDA:17,3,1,0
BRDA:17,4,0,0
BRDA:17,4,1,0
BRDA:17,4,2,0
BRDA:25,5,0,0
BRDA:25,5,1,0
BRDA:25,6,0,0
BRDA:25,6,1,0
BRDA:25,6,2,0
BRDA:25,6,3,0
BRDA:25,6,4,0
BRF:16
BRH:0
end_of_record
TN:
SF:/incubator-superset/superset/assets/src/locales.jsx
FN:1,(anonymous_1)
FN:1,(anonymous_2)
FN:6,formatForReact
FN:9,(anonymous_6)
FN:37,argsInvolveReact
FN:42,(anonymous_8)
FN:49,parseComponentTemplate
FN:51,process
FN:95,renderComponentTemplate
FN:97,renderGroup
FN:99,(anonymous_13)
FN:118,format
FN:125,gettext
FN:137,ngettext
FN:141,gettextComponentTemplate
FNF:15
FNH:4
FNDA:152,(anonymous_1)
FNDA:0,(anonymous_2)
FNDA:0,formatForReact
FNDA:0,(anonymous_6)
FNDA:157,argsInvolveReact
FNDA:0,(anonymous_8)
FNDA:0,parseComponentTemplate
FNDA:0,process
FNDA:0,renderComponentTemplate
FNDA:0,renderGroup
FNDA:0,(anonymous_13)
FNDA:157,format
FNDA:2356,gettext
FNDA:0,ngettext
FNDA:0,gettextComponentTemplate
DA:1,152
DA:2,1
DA:3,1
DA:4,1
DA:6,1
DA:7,0
DA:8,0
DA:9,0
DA:10,0
DA:11,0
DA:12,0
DA:13,0
DA:15,0
DA:16,0
DA:17,0
DA:18,0
DA:19,0
DA:21,0
DA:23,0
DA:24,0
DA:26,0
DA:27,0
DA:28,0
DA:34,0
DA:37,1
DA:38,157
DA:39,0
DA:41,157
DA:42,0
DA:43,0
DA:46,157
DA:49,1
DA:50,0
DA:51,1
DA:52,0
DA:53,0
DA:54,0
DA:55,0
DA:56,0
DA:57,0
DA:58,0
DA:59,0
DA:60,0
DA:61,0
DA:63,0
DA:64,0
DA:65,0
DA:68,0
DA:72,0
DA:73,0
DA:75,0
DA:77,0
DA:78,0
DA:80,0
DA:81,0
DA:82,0
DA:83,0
DA:84,0
DA:86,0
DA:88,0
DA:89,0
DA:91,0
DA:92,0
DA:95,1
DA:96,0
DA:97,1
DA:98,0
DA:99,0
DA:100,0
DA:101,0
DA:103,0
DA:106,0
DA:107,0
DA:108,0
DA:110,0
DA:111,0
DA:113,0
DA:115,0
DA:118,1
DA:119,157
DA:120,0
DA:122,157
DA:125,2356
DA:126,2356
DA:127,0
DA:130,2356
DA:131,2356
DA:132,157
DA:134,2356
DA:137,1
DA:138,0
DA:141,1
DA:142,0
DA:143,0
DA:146,1
DA:147,1
DA:148,1
LF:97
LH:27
BRDA:1,1,0,1
BRDA:1,1,1,0
BRDA:1,2,0,1
BRDA:1,2,1,1
BRDA:1,3,0,0
BRDA:1,3,1,0
BRDA:1,4,0,0
BRDA:1,4,1,0
BRDA:1,4,2,0
BRDA:1,4,3,0
BRDA:12,8,0,0
BRDA:12,8,1,0
BRDA:16,9,0,0
BRDA:16,9,1,0
BRDA:18,10,0,0
BRDA:18,10,1,0
BRDA:23,11,0,0
BRDA:23,11,1,0
BRDA:38,12,0,0
BRDA:38,12,1,157
BRDA:41,13,0,0
BRDA:41,13,1,157
BRDA:41,14,0,157
BRDA:41,14,1,152
BRDA:60,15,0,0
BRDA:60,15,1,0
BRDA:63,16,0,0
BRDA:63,16,1,0
BRDA:64,17,0,0
BRDA:64,17,1,0
BRDA:72,18,0,0
BRDA:72,18,1,0
BRDA:81,19,0,0
BRDA:81,19,1,0
BRDA:83,20,0,0
BRDA:83,20,1,0
BRDA:99,21,0,0
BRDA:99,21,1,0
BRDA:100,22,0,0
BRDA:100,22,1,0
BRDA:106,23,0,0
BRDA:106,23,1,0
BRDA:107,24,0,0
BRDA:107,24,1,0
BRDA:110,25,0,0
BRDA:110,25,1,0
BRDA:119,26,0,0
BRDA:119,26,1,157
BRDA:126,27,0,0
BRDA:126,27,1,2356
BRDA:126,28,0,2356
BRDA:126,28,1,2356
BRDA:131,29,0,157
BRDA:131,29,1,2199
BRDA:138,30,0,0
BRDA:138,30,1,0
BRF:56
BRH:13
end_of_record
TN:
SF:/incubator-superset/superset/assets/src/i18n.jsx
FN:16,(anonymous_2)
FNF:1
FNH:1
FNDA:1,(anonymous_2)
DA:1,1
DA:3,1
DA:16,1
DA:17,1
DA:19,1
DA:20,1
DA:21,1
DA:22,1
DA:23,0
DA:24,0
DA:25,0
DA:29,1
DA:32,1
LF:13
LH:10
BRDA:19,3,0,1
BRDA:19,3,1,0
BRDA:21,4,0,0
BRDA:21,4,1,1
BRDA:22,5,0,0
BRDA:22,5,1,1
BRDA:22,6,0,1
BRDA:22,6,1,0
BRF:8
BRH:4
end_of_record
TN:
SF:/incubator-superset/superset/assets/src/modules/colors.js
FN:539,(anonymous_2)
FN:542,(anonymous_3)
FN:549,(anonymous_4)
FN:569,colorScalerFactory
FN:583,(anonymous_7)
FN:587,hexToRGB
FNF:6
FNH:4
FNDA:1,(anonymous_2)
FNDA:14,(anonymous_3)
FNDA:14,(anonymous_4)
FNDA:0,colorScalerFactory
FNDA:0,(anonymous_7)
FNDA:6,hexToRGB
DA:1,1
DA:2,1
DA:4,1
DA:5,1
DA:8,1
DA:32,1
DA:45,1
DA:46,1
DA:47,1
DA:48,1
DA:49,1
DA:61,1
DA:83,1
DA:94,1
DA:539,1
DA:540,1
DA:541,1
DA:542,1
DA:543,14
DA:546,14
DA:547,14
DA:549,14
DA:551,14
DA:552,2
DA:554,14
DA:555,9
DA:558,5
DA:559,2
DA:561,5
DA:562,3
DA:565,5
DA:569,1
DA:571,0
DA:573,0
DA:575,0
DA:576,0
DA:577,0
DA:579,0
DA:580,0
DA:582,0
DA:583,0
DA:584,0
DA:587,6
DA:588,6
DA:589,0
DA:591,6
DA:592,6
DA:593,6
DA:594,6
LF:49
LH:38
BRDA:543,3,0,0
BRDA:543,3,1,14
BRDA:546,4,0,13
BRDA:546,4,1,1
BRDA:551,5,0,2
BRDA:551,5,1,12
BRDA:551,6,0,14
BRDA:551,6,1,2
BRDA:554,7,0,9
BRDA:554,7,1,5
BRDA:558,8,0,2
BRDA:558,8,1,3
BRDA:561,9,0,3
BRDA:561,9,1,2
BRDA:571,10,0,0
BRDA:571,10,1,0
BRDA:576,11,0,0
BRDA:576,11,1,0
BRDA:579,12,0,0
BRDA:579,12,1,0
BRDA:587,13,0,1
BRDA:587,13,1,5
BRDA:587,14,0,6
BRDA:587,14,1,1
BRDA:588,15,0,0
BRDA:588,15,1,6
BRF:26
BRH:18
end_of_record
TN:
SF:/incubator-superset/superset/assets/src/utils/common.js
FN:18,kmToPixels
FN:26,isNumeric
FN:30,rgbLuminance
FN:35,getParamFromQuery
FN:46,storeQuery
FN:54,success
FN:62,getParamsFromUrl
FN:66,(anonymous_10)
FN:74,getShortUrl
FN:83,error
FN:92,supersetURL
FN:100,isTruthy
FN:109,optionLabel
FN:124,optionValue
FN:131,optionFromValue
FNF:15
FNH:5
FNDA:0,kmToPixels
FNDA:0,isNumeric
FNDA:0,rgbLuminance
FNDA:0,getParamFromQuery
FNDA:0,storeQuery
FNDA:0,success
FNDA:0,getParamsFromUrl
FNDA:0,(anonymous_10)
FNDA:0,getShortUrl
FNDA:0,error
FNDA:3,supersetURL
FNDA:23,isTruthy
FNDA:6,optionLabel
FNDA:6,optionValue
FNDA:6,optionFromValue
DA:2,1
DA:4,1
DA:6,1
DA:7,1
DA:8,1
DA:9,1
DA:10,1
DA:11,1
DA:12,1
DA:13,1
DA:16,1
DA:18,1
DA:20,0
DA:22,0
DA:23,0
DA:26,1
DA:27,0
DA:30,1
DA:32,0
DA:35,1
DA:36,0
DA:37,0
DA:38,0
DA:39,0
DA:40,0
DA:43,0
DA:46,1
DA:47,0
DA:54,1
DA:55,0
DA:56,0
DA:57,0
DA:62,1
DA:63,0
DA:64,0
DA:65,0
DA:66,0
DA:67,0
DA:68,0
DA:69,0
DA:71,0
DA:74,1
DA:75,0
DA:83,1
DA:84,0
DA:85,0
DA:87,0
DA:92,3
DA:93,3
DA:94,0
DA:95,0
DA:97,0
DA:100,1
DA:101,23
DA:102,2
DA:103,21
DA:104,17
DA:106,4
DA:109,1
DA:110,6
DA:111,1
DA:112,5
DA:113,1
DA:114,4
DA:115,1
DA:116,3
DA:117,1
DA:118,2
DA:119,1
DA:121,1
DA:124,1
DA:125,6
DA:126,1
DA:128,5
DA:131,1
DA:133,6
LF:76
LH:46
BRDA:27,3,0,0
BRDA:27,3,1,0
BRDA:39,4,0,0
BRDA:39,4,1,0
BRDA:84,5,0,0
BRDA:84,5,1,0
BRDA:92,6,0,0
BRDA:92,6,1,3
BRDA:92,7,0,3
BRDA:92,7,1,0
BRDA:101,8,0,2
BRDA:101,8,1,21
BRDA:103,9,0,17
BRDA:103,9,1,4
BRDA:110,10,0,1
BRDA:110,10,1,5
BRDA:112,11,0,1
BRDA:112,11,1,4
BRDA:114,12,0,1
BRDA:114,12,1,3
BRDA:116,13,0,1
BRDA:116,13,1,2
BRDA:118,14,0,1
BRDA:118,14,1,1
BRDA:118,15,0,2
BRDA:118,15,1,1
BRDA:125,16,0,1
BRDA:125,16,1,5
BRF:28
BRH:20
end_of_record
TN:
SF:/incubator-superset/superset/assets/src/modules/geo.js
FN:10,unitToRadius
FNF:1
FNH:1
FNDA:6,unitToRadius
DA:1,1
DA:9,1
DA:10,1
DA:11,6
DA:12,1
DA:13,5
DA:14,1
DA:15,4
DA:16,1
DA:17,3
DA:18,1
DA:19,2
DA:20,1
DA:21,1
DA:22,1
DA:24,0
LF:16
LH:15
BRDA:11,1,0,1
BRDA:11,1,1,5
BRDA:13,2,0,1
BRDA:13,2,1,4
BRDA:15,3,0,1
BRDA:15,3,1,3
BRDA:17,4,0,1
BRDA:17,4,1,2
BRDA:19,5,0,1
BRDA:19,5,1,1
BRDA:21,6,0,1
BRDA:21,6,1,0
BRF:12
BRH:11
end_of_record
TN:
SF:/incubator-superset/superset/assets/src/components/ColumnOption.jsx
FN:15,ColumnOption
FNF:1
FNH:1
FNDA:15,ColumnOption
DA:1,1
DA:2,1
DA:4,1
DA:5,1
DA:7,1
DA:11,1
DA:15,15
DA:16,15
DA:18,15
DA:19,15
DA:20,1
DA:21,14
DA:22,12
DA:26,15
DA:49,1
DA:50,1
LF:16
LH:16
BRDA:16,3,0,15
BRDA:16,3,1,13
BRDA:19,4,0,1
BRDA:19,4,1,14
BRDA:21,5,0,12
BRDA:21,5,1,2
BRDA:27,6,0,15
BRDA:27,6,1,4
BRDA:27,6,2,3
BRDA:29,7,0,15
BRDA:29,7,1,9
BRDA:31,8,0,15
BRDA:31,8,1,4
BRDA:40,9,0,15
BRDA:40,9,1,13
BRF:15
BRH:15
end_of_record
TN:
SF:/incubator-superset/superset/assets/src/components/ColumnTypeLabel.jsx
FN:8,ColumnTypeLabel
FNF:1
FNH:1
FNDA:6,ColumnTypeLabel
DA:1,1
DA:2,1
DA:4,1
DA:8,6
DA:9,6
DA:10,6
DA:11,0
DA:12,6
DA:13,1
DA:14,5
DA:15,0
DA:16,5
DA:17,1
DA:18,4
DA:19,1
DA:20,3
DA:21,1
DA:22,2
DA:23,1
DA:24,1
DA:25,1
DA:28,6
DA:33,6
DA:37,1
LF:24
LH:22
BRDA:10,3,0,0
BRDA:10,3,1,6
BRDA:12,4,0,1
BRDA:12,4,1,5
BRDA:12,5,0,6
BRDA:12,5,1,6
BRDA:14,6,0,0
BRDA:14,6,1,5
BRDA:16,7,0,1
BRDA:16,7,1,4
BRDA:16,8,0,5
BRDA:16,8,1,5
BRDA:16,8,2,4
BRDA:18,9,0,1
BRDA:18,9,1,3
BRDA:18,10,0,4
BRDA:18,10,1,3
BRDA:18,10,2,3
BRDA:18,10,3,3
BRDA:20,11,0,1
BRDA:20,11,1,2
BRDA:22,12,0,1
BRDA:22,12,1,1
BRDA:24,13,0,1
BRDA:24,13,1,0
BRDA:29,14,0,1
BRDA:29,14,1,5
BRF:27
BRH:24
end_of_record
TN:
SF:/incubator-superset/superset/assets/src/components/InfoTooltipWithTrigger.jsx
FN:22,InfoTooltipWithTrigger
FNF:1
FNH:0
FNDA:0,InfoTooltipWithTrigger
DA:1,1
DA:2,1
DA:3,1
DA:4,1
DA:6,1
DA:15,1
DA:20,1
DA:22,1
DA:23,0
DA:24,0
DA:25,0
DA:32,0
DA:33,0
DA:36,0
DA:49,1
DA:50,1
LF:16
LH:10
BRDA:24,3,0,0
BRDA:24,3,1,0
BRDA:29,4,0,0
BRDA:29,4,1,0
BRDA:32,5,0,0
BRDA:32,5,1,0
BRF:6
BRH:0
end_of_record
TN:
SF:/incubator-superset/superset/assets/src/components/OptionDescription.jsx
FN:12,OptionDescription
FNF:1
FNH:1
FNDA:2,OptionDescription
DA:1,1
DA:2,1
DA:4,1
DA:6,1
DA:12,2
DA:14,2
DA:28,1
LF:7
LH:7
BRDA:18,3,0,2
BRDA:18,3,1,2
BRF:2
BRH:2
end_of_record
TN:
SF:/incubator-superset/superset/assets/src/chart/chartReducer.js
FN:1,_defineProperty
FN:19,chartReducer
FN:21,(anonymous_4)
FN:27,(anonymous_5)
FN:34,(anonymous_6)
FN:43,(anonymous_7)
FN:49,(anonymous_8)
FN:54,(anonymous_9)
FN:60,(anonymous_10)
FN:72,(anonymous_11)
FN:80,(anonymous_12)
FN:83,(anonymous_13)
FN:86,(anonymous_14)
FN:89,(anonymous_15)
FN:103,(anonymous_16)
FN:119,(anonymous_17)
FNF:16
FNH:2
FNDA:56,_defineProperty
FNDA:4,chartReducer
FNDA:0,(anonymous_4)
FNDA:0,(anonymous_5)
FNDA:0,(anonymous_6)
FNDA:0,(anonymous_7)
FNDA:0,(anonymous_8)
FNDA:0,(anonymous_9)
FNDA:0,(anonymous_10)
FNDA:0,(anonymous_11)
FNDA:0,(anonymous_12)
FNDA:0,(anonymous_13)
FNDA:0,(anonymous_14)
FNDA:0,(anonymous_15)
FNDA:0,(anonymous_16)
FNDA:0,(anonymous_17)
DA:1,56
DA:2,1
DA:3,1
DA:4,1
DA:6,1
DA:19,4
DA:20,4
DA:23,0
DA:28,0
DA:35,0
DA:44,0
DA:50,0
DA:55,0
DA:61,0
DA:73,0
DA:81,0
DA:84,0
DA:87,0
DA:90,0
DA:92,0
DA:94,0
DA:99,0
DA:104,0
DA:108,0
DA:109,0
DA:110,0
DA:111,0
DA:113,0
DA:120,0
DA:121,0
DA:122,0
DA:127,0
DA:128,0
DA:130,0
DA:139,4
DA:140,0
DA:141,0
DA:144,4
DA:146,0
DA:151,4
LF:40
LH:10
BRDA:1,5,0,0
BRDA:1,5,1,56
BRDA:19,6,0,2
BRDA:19,6,1,2
BRDA:19,7,0,4
BRDA:19,7,1,4
BRDA:75,8,0,0
BRDA:75,8,1,0
BRDA:90,9,0,0
BRDA:90,9,1,0
BRDA:90,10,0,0
BRDA:90,10,1,0
BRDA:125,11,0,0
BRDA:125,11,1,0
BRDA:139,12,0,0
BRDA:139,12,1,4
BRDA:144,13,0,0
BRDA:144,13,1,4
BRF:18
BRH:7
end_of_record
TN:
SF:/incubator-superset/superset/assets/src/chart/chartAction.js
FN:10,chartUpdateStarted
FN:15,chartUpdateSucceeded
FN:20,chartUpdateStopped
FN:25,chartUpdateTimeout
FN:30,chartUpdateFailed
FN:35,chartRenderingFailed
FN:40,chartRenderingSucceeded
FN:45,removeChart
FN:50,annotationQuerySuccess
FN:55,annotationQueryStarted
FN:60,annotationQueryFailed
FN:64,runAnnotationQuery
FN:65,(anonymous_15)
FN:78,(anonymous_16)
FN:93,(anonymous_17)
FN:94,(anonymous_18)
FN:107,triggerQuery
FN:113,renderTriggered
FN:118,updateQueryFormData
FN:123,addChart
FN:128,runQuery
FN:129,(anonymous_24)
FN:146,(anonymous_25)
FN:147,(anonymous_26)
FN:161,(anonymous_27)
FN:199,(anonymous_28)
FN:204,redirectSQLLab
FN:205,(anonymous_30)
FN:210,success
FN:225,refreshChart
FN:226,(anonymous_36)
FNF:31
FNH:8
FNDA:1,chartUpdateStarted
FNDA:0,chartUpdateSucceeded
FNDA:0,chartUpdateStopped
FNDA:1,chartUpdateTimeout
FNDA:0,chartUpdateFailed
FNDA:0,chartRenderingFailed
FNDA:0,chartRenderingSucceeded
FNDA:0,removeChart
FNDA:0,annotationQuerySuccess
FNDA:0,annotationQueryStarted
FNDA:0,annotationQueryFailed
FNDA:0,runAnnotationQuery
FNDA:0,(anonymous_15)
FNDA:0,(anonymous_16)
FNDA:0,(anonymous_17)
FNDA:0,(anonymous_18)
FNDA:1,triggerQuery
FNDA:0,renderTriggered
FNDA:1,updateQueryFormData
FNDA:0,addChart
FNDA:1,runQuery
FNDA:1,(anonymous_24)
FNDA:1,(anonymous_25)
FNDA:0,(anonymous_26)
FNDA:1,(anonymous_27)
FNDA:0,(anonymous_28)
FNDA:0,redirectSQLLab
FNDA:0,(anonymous_30)
FNDA:0,success
FNDA:0,refreshChart
FNDA:0,(anonymous_36)
DA:1,1
DA:2,1
DA:3,1
DA:4,1
DA:5,1
DA:7,1
DA:9,1
DA:10,1
DA:11,1
DA:14,1
DA:15,1
DA:16,0
DA:19,1
DA:20,1
DA:21,0
DA:24,1
DA:25,1
DA:26,1
DA:29,1
DA:30,1
DA:31,0
DA:34,1
DA:35,1
DA:36,0
DA:39,1
DA:40,1
DA:41,0
DA:44,1
DA:45,1
DA:46,0
DA:49,1
DA:50,1
DA:51,0
DA:54,1
DA:55,1
DA:56,0
DA:59,1
DA:60,1
DA:61,0
DA:64,1
DA:65,0
DA:66,0
DA:67,0
DA:69,0
DA:70,0
DA:73,0
DA:74,0
DA:75,0
DA:77,0
DA:79,0
DA:84,0
DA:85,0
DA:86,0
DA:91,0
DA:92,0
DA:93,0
DA:95,0
DA:96,0
DA:97,0
DA:98,0
DA:99,0
DA:100,0
DA:106,1
DA:107,1
DA:108,1
DA:112,1
DA:113,1
DA:114,0
DA:117,1
DA:118,1
DA:119,1
DA:122,1
DA:123,1
DA:124,0
DA:127,1
DA:128,1
DA:129,1
DA:130,1
DA:135,1
DA:136,1
DA:145,1
DA:146,1
DA:148,0
DA:159,0
DA:162,1
DA:169,1
DA:170,1
DA:171,0
DA:172,0
DA:174,0
DA:175,0
DA:176,0
DA:177,0
DA:178,0
DA:182,0
DA:183,0
DA:187,0
DA:191,0
DA:194,1
DA:195,1
DA:199,0
DA:204,1
DA:205,0
DA:206,0
DA:207,0
DA:210,1
DA:211,0
DA:212,0
DA:213,0
DA:214,0
DA:216,0
DA:217,0
DA:218,0
DA:220,0
DA:225,1
DA:226,0
DA:227,0
DA:230,0
LF:118
LH:57
BRDA:64,3,0,0
BRDA:64,3,1,0
BRDA:64,4,0,0
BRDA:64,4,1,0
BRDA:64,5,0,0
BRDA:64,5,1,0
BRDA:64,6,0,0
BRDA:64,6,1,0
BRDA:66,7,0,0
BRDA:66,7,1,0
BRDA:67,8,0,0
BRDA:67,8,1,0
BRDA:69,9,0,0
BRDA:69,9,1,0
BRDA:73,10,0,0
BRDA:73,10,1,0
BRDA:80,11,0,0
BRDA:80,11,1,0
BRDA:95,12,0,0
BRDA:95,12,1,0
BRDA:97,13,0,0
BRDA:97,13,1,0
BRDA:97,14,0,0
BRDA:97,14,1,0
BRDA:99,15,0,0
BRDA:99,15,1,0
BRDA:107,16,0,1
BRDA:107,16,1,0
BRDA:107,17,0,1
BRDA:107,17,1,1
BRDA:128,18,0,0
BRDA:128,18,1,1
BRDA:128,19,0,1
BRDA:128,19,1,0
BRDA:128,20,0,0
BRDA:128,20,1,1
BRDA:128,21,0,1
BRDA:128,21,1,0
BRDA:156,22,0,0
BRDA:156,22,1,0
BRDA:169,23,0,1
BRDA:169,23,1,0
BRDA:171,24,0,0
BRDA:171,24,1,0
BRDA:175,25,0,0
BRDA:175,25,1,0
BRDA:177,26,0,0
BRDA:177,26,1,0
BRDA:182,27,0,0
BRDA:182,27,1,0
BRDA:182,28,0,0
BRDA:182,28,1,0
BRDA:194,29,0,1
BRDA:194,29,1,1
BRDA:227,33,0,0
BRDA:227,33,1,0
BRDA:227,34,0,0
BRDA:227,34,1,0
BRF:58
BRH:10
end_of_record
TN:
SF:/incubator-superset/superset/assets/src/explore/exploreUtils.js
FN:4,getChartKey
FN:9,getAnnotationJsonUrl
FN:18,(anonymous_4)
FN:22,getURIDirectory
FN:31,getExploreLongUrl
FN:46,getExploreUrlAndPayload
FN:86,(anonymous_8)
FN:101,exportChart
FNF:8
FNH:4
FNDA:0,getChartKey
FNDA:0,getAnnotationJsonUrl
FNDA:0,(anonymous_4)
FNDA:11,getURIDirectory
FNDA:3,getExploreLongUrl
FNDA:9,getExploreUrlAndPayload
FNDA:0,(anonymous_8)
FNDA:1,exportChart
DA:2,1
DA:4,1
DA:5,0
DA:6,0
DA:9,1
DA:10,0
DA:11,0
DA:13,0
DA:14,0
DA:15,0
DA:18,0
DA:22,11
DA:24,11
DA:25,11
DA:26,6
DA:28,11
DA:31,1
DA:32,3
DA:33,1
DA:36,2
DA:37,2
DA:38,2
DA:39,2
DA:40,2
DA:41,1
DA:43,2
DA:46,1
DA:47,9
DA:53,9
DA:54,0
DA:60,9
DA:61,9
DA:62,8
DA:65,9
DA:68,9
DA:69,9
DA:70,0
DA:72,9
DA:73,1
DA:75,9
DA:76,1
DA:78,9
DA:79,1
DA:81,9
DA:82,0
DA:84,9
DA:85,9
DA:86,0
DA:87,0
DA:88,0
DA:92,9
DA:93,9
DA:95,9
DA:101,1
DA:102,1
DA:104,1
DA:105,1
DA:106,1
DA:107,1
DA:108,1
DA:109,1
DA:110,1
DA:111,1
DA:112,1
DA:113,1
DA:114,1
DA:115,1
DA:116,1
DA:117,1
DA:119,1
DA:120,1
DA:121,1
LF:72
LH:58
BRDA:6,3,0,0
BRDA:6,3,1,0
BRDA:10,4,0,0
BRDA:10,4,1,0
BRDA:10,5,0,0
BRDA:10,5,1,0
BRDA:14,6,0,0
BRDA:14,6,1,0
BRDA:18,7,0,0
BRDA:18,7,1,0
BRDA:22,8,0,11
BRDA:22,8,1,0
BRDA:22,9,0,11
BRDA:22,9,1,11
BRDA:25,10,0,6
BRDA:25,10,1,5
BRDA:32,11,0,1
BRDA:32,11,1,2
BRDA:40,12,0,1
BRDA:40,12,1,1
BRDA:48,13,0,1
BRDA:48,13,1,8
BRDA:49,14,0,1
BRDA:49,14,1,8
BRDA:50,15,0,1
BRDA:50,15,1,8
BRDA:51,16,0,9
BRDA:51,16,1,0
BRDA:53,17,0,0
BRDA:53,17,1,9
BRDA:61,18,0,8
BRDA:61,18,1,1
BRDA:69,19,0,0
BRDA:69,19,1,9
BRDA:72,20,0,1
BRDA:72,20,1,8
BRDA:75,21,0,1
BRDA:75,21,1,8
BRDA:78,22,0,1
BRDA:78,22,1,8
BRDA:81,23,0,0
BRDA:81,23,1,9
BRDA:85,24,0,0
BRDA:85,24,1,9
BRDA:87,25,0,0
BRDA:87,25,1,0
BRDA:111,26,0,1
BRDA:111,26,1,1
BRF:48
BRH:31
end_of_record
TN:
SF:/incubator-superset/superset/assets/src/modules/AnnotationTypes.js
FN:18,getAnnotationTypeLabel
FN:29,getAnnotationSourceTypeLabels
FN:34,requiresQuery
FN:53,getSupportedSourceTypes
FN:75,getSupportedAnnotationTypes
FN:86,applyNativeColumns
FNF:6
FNH:0
FNDA:0,getAnnotationTypeLabel
FNDA:0,getAnnotationSourceTypeLabels
FNDA:0,requiresQuery
FNDA:0,getSupportedSourceTypes
FNDA:0,getSupportedAnnotationTypes
FNDA:0,applyNativeColumns
DA:1,1
DA:2,1
DA:4,1
DA:11,1
DA:18,1
DA:19,0
DA:22,1
DA:24,1
DA:29,1
DA:30,0
DA:34,1
DA:35,0
DA:39,1
DA:53,1
DA:54,0
DA:58,1
DA:75,1
DA:76,0
DA:79,1
DA:86,1
DA:87,0
DA:88,0
DA:90,0
DA:93,1
LF:24
LH:16
BRDA:30,4,0,0
BRDA:30,4,1,0
BRDA:54,5,0,0
BRDA:54,5,1,0
BRDA:76,6,0,0
BRDA:76,6,1,0
BRDA:87,7,0,0
BRDA:87,7,1,0
BRF:8
BRH:0
end_of_record
TN:
SF:/incubator-superset/superset/assets/src/logger.js
FN:1,(anonymous_1)
FN:1,defineProperties
FN:1,(anonymous_3)
FN:10,start
FN:12,(anonymous_9)
FN:22,append
FN:31,end
FN:35,(anonymous_14)
FN:42,send
FN:54,_loop
FN:55,(anonymous_19)
FN:81,getTimestamp
FN:87,ActionLog
FN:98,setAttribute
FN:102,addEvent
FNF:15
FNH:15
FNDA:1,(anonymous_1)
FNDA:1,defineProperties
FNDA:1,(anonymous_3)
FNDA:16,start
FNDA:116,(anonymous_9)
FNDA:15,append
FNDA:5,end
FNDA:6,(anonymous_14)
FNDA:14,send
FNDA:6,_loop
FNDA:6,(anonymous_19)
FNDA:18,getTimestamp
FNDA:20,ActionLog
FNDA:1,setAttribute
FNDA:16,addEvent
DA:1,2
DA:3,1
DA:7,1
DA:9,1
DA:10,1
DA:12,16
DA:13,116
DA:14,16
DA:17,100
DA:22,1
DA:23,15
DA:24,15
DA:27,0
DA:31,1
DA:32,5
DA:35,5
DA:36,6
DA:37,6
DA:42,1
DA:43,14
DA:44,14
DA:47,14
DA:48,8
DA:49,6
DA:50,0
DA:53,14
DA:54,14
DA:55,6
DA:56,6
DA:66,14
DA:77,14
DA:81,1
DA:82,18
DA:86,1
DA:87,20
DA:88,20
DA:89,20
DA:90,20
DA:91,20
DA:92,20
DA:93,20
DA:95,20
DA:98,1
DA:99,1
DA:102,1
DA:103,16
DA:104,1
DA:118,15
DA:120,15
DA:126,15
DA:127,0
DA:134,1
DA:135,1
DA:137,1
DA:138,1
DA:139,1
DA:140,1
DA:141,1
DA:143,1
DA:144,1
DA:145,1
DA:146,1
DA:148,1
DA:161,1
LF:64
LH:61
BRDA:1,1,0,2
BRDA:1,1,1,2
BRDA:1,2,0,2
BRDA:1,2,1,0
BRDA:1,3,0,1
BRDA:1,3,1,0
BRDA:1,4,0,0
BRDA:1,4,1,1
BRDA:13,9,0,16
BRDA:13,9,1,100
BRDA:23,10,0,15
BRDA:23,10,1,0
BRDA:36,11,0,6
BRDA:36,11,1,0
BRDA:47,12,0,8
BRDA:47,12,1,6
BRDA:49,13,0,0
BRDA:49,13,1,6
BRDA:92,14,0,20
BRDA:92,14,1,19
BRDA:103,15,0,1
BRDA:103,15,1,15
BRDA:118,16,0,15
BRDA:118,16,1,8
BRDA:126,17,0,0
BRDA:126,17,1,15
BRF:26
BRH:19
end_of_record
TN:
SF:/incubator-superset/superset/assets/src/common.js
FN:7,(anonymous_2)
FN:8,(anonymous_3)
FN:16,(anonymous_4)
FN:21,(anonymous_5)
FN:27,appSetup
FNF:5
FNH:1
FNDA:1,(anonymous_2)
FNDA:0,(anonymous_3)
FNDA:0,(anonymous_4)
FNDA:0,(anonymous_5)
FNDA:0,appSetup
DA:2,1
DA:3,1
DA:5,1
DA:7,1
DA:8,1
DA:9,0
DA:10,0
DA:11,0
DA:12,0
DA:16,1
DA:17,0
DA:19,0
DA:20,0
DA:22,0
DA:27,1
DA:30,0
DA:31,0
DA:32,0
DA:36,1
LF:19
LH:8
BRF:0
BRH:0
end_of_record
TN:
SF:/incubator-superset/superset/assets/src/chart/Chart.jsx
FN:1,_inherits
FN:55,Chart
FN:76,componentDidMount
FN:92,componentWillReceiveProps
FN:99,(anonymous_18)
FN:104,componentDidUpdate
FN:119,componentWillUnmount
FN:123,getFilters
FN:127,setTooltip
FN:131,loadAsyncVis
FN:135,(anonymous_29)
FN:141,(anonymous_30)
FN:147,addFilter
FN:151,clearError
FN:155,width
FN:161,headerHeight
FN:165,height
FN:171,d3format
FN:178,error
FN:182,verboseMetricName
FN:187,render_template
FN:195,renderTooltip
FN:215,renderVis
FN:248,render
FN:289,ref
FNF:25
FNH:8
FNDA:1,_inherits
FNDA:4,Chart
FNDA:0,componentDidMount
FNDA:3,componentWillReceiveProps
FNDA:0,(anonymous_18)
FNDA:3,componentDidUpdate
FNDA:0,componentWillUnmount
FNDA:0,getFilters
FNDA:0,setTooltip
FNDA:0,loadAsyncVis
FNDA:0,(anonymous_29)
FNDA:0,(anonymous_30)
FNDA:0,addFilter
FNDA:0,clearError
FNDA:7,width
FNDA:0,headerHeight
FNDA:7,height
FNDA:0,d3format
FNDA:0,error
FNDA:0,verboseMetricName
FNDA:0,render_template
FNDA:7,renderTooltip
FNDA:0,renderVis
FNDA:7,render
FNDA:0,ref
DA:1,1
DA:2,1
DA:3,1
DA:4,1
DA:5,1
DA:7,1
DA:8,1
DA:9,1
DA:10,1
DA:11,1
DA:12,1
DA:13,1
DA:14,1
DA:15,1
DA:17,1
DA:49,1
DA:50,0
DA:51,0
DA:54,1
DA:55,1
DA:56,4
DA:58,4
DA:63,4
DA:64,4
DA:65,4
DA:66,4
DA:67,4
DA:68,4
DA:69,4
DA:70,4
DA:71,4
DA:72,4
DA:73,4
DA:76,1
DA:77,0
DA:78,0
DA:86,0
DA:89,0
DA:92,1
DA:93,3
DA:94,3
DA:95,3
DA:96,3
DA:97,3
DA:98,3
DA:99,0
DA:100,0
DA:104,1
DA:106,3
DA:115,2
DA:119,1
DA:120,0
DA:123,1
DA:124,0
DA:127,1
DA:128,0
DA:131,1
DA:132,0
DA:134,0
DA:137,0
DA:138,0
DA:142,0
DA:143,0
DA:147,1
DA:148,0
DA:151,1
DA:152,0
DA:155,1
DA:157,7
DA:161,1
DA:162,0
DA:165,1
DA:167,7
DA:171,1
DA:172,0
DA:173,0
DA:175,0
DA:178,1
DA:179,0
DA:182,1
DA:183,0
DA:187,1
DA:188,0
DA:192,0
DA:195,1
DA:196,7
DA:198,0
DA:212,7
DA:215,1
DA:216,0
DA:217,0
DA:219,0
DA:220,0
DA:221,0
DA:223,0
DA:225,0
DA:226,0
DA:229,0
DA:231,0
DA:232,0
DA:235,0
DA:242,0
DA:243,0
DA:248,1
DA:249,7
DA:252,7
DA:254,7
DA:289,1
DA:290,0
DA:299,1
DA:300,1
DA:302,1
LF:112
LH:69
BRDA:1,11,0,0
BRDA:1,11,1,1
BRDA:1,12,0,1
BRDA:1,12,1,0
BRDA:1,13,0,1
BRDA:1,13,1,1
BRDA:1,14,0,1
BRDA:1,14,1,0
BRDA:1,15,0,1
BRDA:1,15,1,0
BRDA:56,16,0,4
BRDA:56,16,1,0
BRDA:77,17,0,0
BRDA:77,17,1,0
BRDA:98,18,0,0
BRDA:98,18,1,3
BRDA:106,19,0,2
BRDA:106,19,1,1
BRDA:106,20,0,3
BRDA:106,20,1,3
BRDA:106,20,2,2
BRDA:106,20,3,2
BRDA:106,20,4,2
BRDA:106,20,5,0
BRDA:106,20,6,0
BRDA:106,20,7,0
BRDA:137,21,0,0
BRDA:137,21,1,0
BRDA:147,22,0,0
BRDA:147,22,1,0
BRDA:147,23,0,0
BRDA:147,23,1,0
BRDA:147,24,0,0
BRDA:147,24,1,0
BRDA:147,25,0,0
BRDA:147,25,1,0
BRDA:157,26,0,7
BRDA:157,26,1,0
BRDA:157,26,2,0
BRDA:157,26,3,0
BRDA:162,27,0,0
BRDA:162,27,1,0
BRDA:167,28,0,7
BRDA:167,28,1,0
BRDA:167,28,2,0
BRDA:167,28,3,0
BRDA:173,29,0,0
BRDA:173,29,1,0
BRDA:173,29,2,0
BRDA:183,30,0,0
BRDA:183,30,1,0
BRDA:196,31,0,0
BRDA:196,31,1,7
BRDA:219,32,0,0
BRDA:219,32,1,0
BRDA:219,33,0,0
BRDA:219,33,1,0
BRDA:225,34,0,0
BRDA:225,34,1,0
BRDA:231,35,0,0
BRDA:231,35,1,0
BRDA:249,36,0,7
BRDA:249,36,1,2
BRDA:252,37,0,7
BRDA:252,37,1,0
BRDA:254,38,0,7
BRDA:254,38,1,0
BRDA:257,39,0,7
BRDA:257,39,1,7
BRDA:259,40,0,7
BRDA:259,40,1,0
BRDA:266,41,0,7
BRDA:266,41,1,0
BRDA:266,41,2,0
BRDA:266,41,3,0
BRDA:266,41,4,0
BRDA:266,41,5,0
BRDA:279,42,0,7
BRDA:279,42,1,0
BRDA:279,42,2,0
BRDA:287,43,0,0
BRDA:287,43,1,0
BRF:82
BRH:27
end_of_record
TN:
SF:/incubator-superset/superset/assets/src/chart/ChartBody.jsx
FN:14,html
FN:18,css
FN:22,get
FN:26,find
FN:30,show
FN:34,height
FN:38,width
FN:42,render
FN:47,ref
FNF:9
FNH:0
FNDA:0,html
FNDA:0,css
FNDA:0,get
FNDA:0,find
FNDA:0,show
FNDA:0,height
FNDA:0,width
FNDA:0,render
FNDA:0,ref
DA:1,1
DA:2,1
DA:3,1
DA:5,1
DA:13,1
DA:14,1
DA:15,0
DA:18,1
DA:19,0
DA:22,1
DA:23,0
DA:26,1
DA:27,0
DA:30,1
DA:31,0
DA:34,1
DA:35,0
DA:38,1
DA:39,0
DA:42,1
DA:44,0
DA:47,1
DA:53,1
DA:55,1
LF:24
LH:16
BRDA:46,17,0,0
BRDA:46,17,1,0
BRF:2
BRH:0
end_of_record
TN:
SF:/incubator-superset/superset/assets/src/components/Loading.jsx
FN:11,Loading
FNF:1
FNH:1
FNDA:48,Loading
DA:1,1
DA:2,1
DA:4,1
DA:7,1
DA:11,48
DA:13,48
DA:31,1
DA:32,1
LF:8
LH:8
BRF:0
BRH:0
end_of_record
TN:
SF:/incubator-superset/superset/assets/src/components/StackTraceMessage.jsx
FN:1,_inherits
FN:16,StackTraceMessage
FN:24,hasTrace
FN:28,hasLink
FN:32,render
FNF:5
FNH:1
FNDA:1,_inherits
FNDA:0,StackTraceMessage
FNDA:0,hasTrace
FNDA:0,hasLink
FNDA:0,render
DA:1,1
DA:2,1
DA:3,1
DA:4,1
DA:6,1
DA:11,1
DA:15,1
DA:16,1
DA:17,0
DA:19,0
DA:24,1
DA:25,0
DA:28,1
DA:29,0
DA:32,1
DA:34,0
DA:37,0
DA:56,1
DA:57,1
DA:59,1
LF:20
LH:14
BRDA:1,11,0,0
BRDA:1,11,1,1
BRDA:1,12,0,1
BRDA:1,12,1,0
BRDA:1,13,0,1
BRDA:1,13,1,1
BRDA:1,14,0,1
BRDA:1,14,1,0
BRDA:1,15,0,1
BRDA:1,15,1,0
BRDA:17,16,0,0
BRDA:17,16,1,0
BRDA:25,17,0,0
BRDA:25,17,1,0
BRDA:29,18,0,0
BRDA:29,18,1,0
BRDA:34,19,0,0
BRDA:34,19,1,0
BRDA:40,20,0,0
BRDA:40,20,1,0
BRDA:44,21,0,0
BRDA:44,21,1,0
BRF:22
BRH:6
end_of_record
TN:
SF:/incubator-superset/superset/assets/src/components/RefreshChartOverlay.jsx
FN:14,render
FNF:1
FNH:0
FNDA:0,render
DA:1,1
DA:2,1
DA:3,1
DA:4,1
DA:6,1
DA:13,1
DA:14,1
DA:16,0
DA:40,1
DA:42,1
LF:10
LH:9
BRF:0
BRH:0
end_of_record
TN:
SF:/incubator-superset/superset/assets/src/components/Button.jsx
FN:17,Button
FNF:1
FNH:1
FNDA:22,Button
DA:1,1
DA:2,1
DA:3,1
DA:4,1
DA:6,1
DA:10,1
DA:15,1
DA:17,1
DA:18,22
DA:19,22
DA:20,22
DA:21,22
DA:22,22
DA:24,22
DA:29,22
DA:30,12
DA:33,0
DA:35,0
DA:42,12
DA:50,10
DA:53,1
DA:54,1
LF:22
LH:20
BRDA:29,3,0,12
BRDA:29,3,1,10
BRDA:30,4,0,0
BRDA:30,4,1,12
BRF:4
BRH:3
end_of_record
TN:
SF:/incubator-superset/superset/assets/src/modules/sandbox.js
FN:16,sandboxedEval
FN:22,(anonymous_4)
FN:29,(anonymous_5)
FNF:3
FNH:2
FNDA:4,sandboxedEval
FNDA:13,(anonymous_4)
FNDA:0,(anonymous_5)
DA:2,1
DA:3,1
DA:4,1
DA:9,1
DA:16,1
DA:17,4
DA:18,4
DA:19,4
DA:20,4
DA:21,4
DA:22,4
DA:23,13
DA:25,4
DA:26,4
DA:27,4
DA:29,0
LF:16
LH:15
BRF:0
BRH:0
end_of_record
TN:
SF:/incubator-superset/superset/assets/src/components/AlteredSliceTag.jsx
FN:18,AlteredSliceTag
FN:24,componentWillReceiveProps
FN:33,getDiffs
FN:56,formatValue
FN:67,(anonymous_16)
FN:76,(anonymous_17)
FN:87,renderRows
FN:102,renderModalBody
FN:115,renderTriggerNode
FN:131,render
FNF:10
FNH:10
FNDA:25,AlteredSliceTag
FNDA:2,componentWillReceiveProps
FNDA:27,getDiffs
FNDA:449,formatValue
FNDA:66,(anonymous_16)
FNDA:64,(anonymous_17)
FNDA:31,renderRows
FNDA:30,renderModalBody
FNDA:26,renderTriggerNode
FNDA:27,render
DA:1,1
DA:2,1
DA:3,1
DA:4,1
DA:6,1
DA:7,1
DA:8,1
DA:9,1
DA:11,1
DA:16,1
DA:18,1
DA:19,25
DA:20,25
DA:21,25
DA:24,1
DA:26,2
DA:29,1
DA:30,1
DA:33,1
DA:36,27
DA:37,27
DA:38,27
DA:39,27
DA:40,217
DA:42,217
DA:46,189
DA:49,189
DA:50,183
DA:53,27
DA:56,1
DA:59,449
DA:60,2
DA:61,447
DA:62,1
DA:63,446
DA:64,65
DA:65,1
DA:67,64
DA:68,66
DA:71,66
DA:73,381
DA:74,63
DA:75,318
DA:76,64
DA:77,255
DA:78,64
DA:79,191
DA:80,63
DA:81,128
DA:82,65
DA:84,63
DA:87,1
DA:88,31
DA:89,31
DA:90,31
DA:91,218
DA:99,31
DA:102,1
DA:104,30
DA:115,1
DA:117,26
DA:131,1
DA:133,27
DA:134,2
DA:140,25
DA:151,1
LF:66
LH:66
BRDA:19,16,0,25
BRDA:19,16,1,0
BRDA:26,17,0,1
BRDA:26,17,1,1
BRDA:42,18,0,28
BRDA:42,18,1,189
BRDA:42,19,0,217
BRDA:42,19,1,55
BRDA:46,20,0,0
BRDA:46,20,1,189
BRDA:49,21,0,183
BRDA:49,21,1,6
BRDA:59,25,0,2
BRDA:59,25,1,447
BRDA:61,26,0,1
BRDA:61,26,1,446
BRDA:63,27,0,65
BRDA:63,27,1,381
BRDA:63,28,0,446
BRDA:63,28,1,191
BRDA:64,29,0,1
BRDA:64,29,1,64
BRDA:69,30,0,33
BRDA:69,30,1,33
BRDA:68,31,0,66
BRDA:68,31,1,66
BRDA:73,32,0,63
BRDA:73,32,1,318
BRDA:73,33,0,381
BRDA:73,33,1,126
BRDA:75,34,0,63
BRDA:75,34,1,255
BRDA:75,35,0,318
BRDA:75,35,1,63
BRDA:77,36,0,64
BRDA:77,36,1,191
BRDA:78,37,0,32
BRDA:78,37,1,32
BRDA:79,38,0,63
BRDA:79,38,1,128
BRDA:80,39,0,63
BRDA:80,39,1,0
BRDA:81,40,0,65
BRDA:81,40,1,63
BRDA:81,41,0,128
BRDA:81,41,1,127
BRDA:93,42,0,218
BRDA:93,42,1,93
BRDA:93,42,2,125
BRDA:133,43,0,2
BRDA:133,43,1,25
BRF:51
BRH:48
end_of_record
TN:
SF:/incubator-superset/superset/assets/src/components/TooltipWrapper.jsx
FN:17,TooltipWrapper
FNF:1
FNH:1
FNDA:3,TooltipWrapper
DA:1,1
DA:2,1
DA:3,1
DA:4,1
DA:6,1
DA:13,1
DA:17,3
DA:19,3
DA:28,1
DA:29,1
LF:10
LH:10
BRF:0
BRH:0
end_of_record
TN:
SF:/incubator-superset/superset/assets/src/components/ModalTrigger.jsx
FN:25,beforeOpen
FN:26,onExit
FN:34,ModalTrigger
FN:43,close
FN:47,open
FN:52,renderModal
FN:77,render
FNF:7
FNH:4
FNDA:0,beforeOpen
FNDA:0,onExit
FNDA:25,ModalTrigger
FNDA:0,close
FNDA:1,open
FNDA:31,renderModal
FNDA:31,render
DA:1,1
DA:2,1
DA:3,1
DA:4,1
DA:6,1
DA:8,1
DA:23,1
DA:25,1
DA:26,1
DA:33,1
DA:34,1
DA:35,25
DA:36,25
DA:39,25
DA:40,25
DA:43,1
DA:44,0
DA:47,1
DA:48,1
DA:49,1
DA:50,1
DA:52,1
DA:54,31
DA:77,1
DA:78,31
DA:81,31
DA:83,1
DA:92,30
DA:94,13
DA:102,17
DA:110,1
DA:111,1
LF:32
LH:31
BRDA:35,16,0,25
BRDA:35,16,1,0
BRDA:68,17,0,31
BRDA:68,17,1,3
BRDA:81,18,0,1
BRDA:81,18,1,30
BRDA:92,19,0,13
BRDA:92,19,1,17
BRF:8
BRH:7
end_of_record
TN:
SF:/incubator-superset/superset/assets/src/components/AsyncSelect.jsx
FN:25,onAsyncError
FN:29,AsyncSelect
FN:36,componentDidMount
FN:39,onChange
FN:42,fetchOptions
FN:46,(anonymous_21)
FN:53,(anonymous_22)
FN:56,(anonymous_23)
FN:60,render
FNF:9
FNH:7
FNDA:0,onAsyncError
FNDA:8,AsyncSelect
FNDA:3,componentDidMount
FNDA:1,onChange
FNDA:6,fetchOptions
FNDA:2,(anonymous_21)
FNDA:0,(anonymous_22)
FNDA:2,(anonymous_23)
FNDA:16,render
DA:1,1
DA:2,1
DA:3,1
DA:4,1
DA:6,1
DA:8,1
DA:22,1
DA:24,0
DA:25,1
DA:28,1
DA:29,1
DA:30,8
DA:31,8
DA:36,1
DA:37,3
DA:39,1
DA:40,1
DA:42,1
DA:43,6
DA:44,6
DA:45,6
DA:47,2
DA:49,2
DA:50,1
DA:54,0
DA:57,2
DA:60,1
DA:62,16
DA:77,1
DA:78,1
DA:80,1
LF:31
LH:29
BRDA:30,18,0,8
BRDA:30,18,1,0
BRDA:47,19,0,2
BRDA:47,19,1,0
BRDA:49,20,0,1
BRDA:49,20,1,1
BRDA:49,21,0,2
BRDA:49,21,1,1
BRDA:49,21,2,1
BRF:9
BRH:7
end_of_record
TN:
SF:/incubator-superset/superset/assets/src/components/CachedLabel.jsx
FN:15,CacheLabel
FN:23,updateTooltipContent
FN:39,mouseOver
FN:44,mouseOut
FN:48,render
FNF:5
FNH:2
FNDA:1,CacheLabel
FNDA:0,updateTooltipContent
FNDA:0,mouseOver
FNDA:0,mouseOut
FNDA:1,render
DA:1,1
DA:2,1
DA:3,1
DA:4,1
DA:5,1
DA:6,1
DA:8,1
DA:14,1
DA:15,1
DA:16,1
DA:17,1
DA:23,1
DA:24,0
DA:31,0
DA:36,0
DA:39,1
DA:40,0
DA:41,0
DA:44,1
DA:45,0
DA:48,1
DA:49,1
DA:51,1
DA:68,1
DA:70,1
LF:25
LH:19
BRDA:16,16,0,1
BRDA:16,16,1,0
BRDA:25,17,0,0
BRDA:25,17,1,0
BRDA:49,18,0,0
BRDA:49,18,1,1
BRF:6
BRH:2
end_of_record
TN:
SF:/incubator-superset/superset/assets/src/components/Checkbox.jsx
FN:10,Checkbox
FN:15,onClick
FNF:2
FNH:2
FNDA:5,Checkbox
FNDA:1,onClick
DA:1,1
DA:2,1
DA:4,1
DA:10,5
DA:12,5
DA:15,1
DA:16,1
DA:26,1
LF:8
LH:8
BRDA:14,3,0,4
BRDA:14,3,1,1
BRF:2
BRH:2
end_of_record
TN:
SF:/incubator-superset/superset/assets/src/components/CopyToClipboard.jsx
FN:18,onCopyEnd
FN:25,CopyToClipboard
FN:37,onMouseOut
FN:42,onClick
FN:44,(anonymous_16)
FN:50,resetTooltipText
FN:54,copyToClipboard
FN:89,tooltipText
FN:96,renderLink
FN:120,renderInMenu
FN:135,renderTooltip
FN:143,render
FNF:12
FNH:6
FNDA:0,onCopyEnd
FNDA:14,CopyToClipboard
FNDA:0,onMouseOut
FNDA:0,onClick
FNDA:0,(anonymous_16)
FNDA:0,resetTooltipText
FNDA:0,copyToClipboard
FNDA:18,tooltipText
FNDA:15,renderLink
FNDA:3,renderInMenu
FNDA:18,renderTooltip
FNDA:18,render
DA:1,1
DA:2,1
DA:3,1
DA:4,1
DA:6,1
DA:16,1
DA:18,1
DA:24,1
DA:25,1
DA:26,14
DA:27,14
DA:32,14
DA:33,14
DA:34,14
DA:37,1
DA:39,0
DA:42,1
DA:43,0
DA:44,0
DA:46,0
DA:50,1
DA:51,0
DA:54,1
DA:55,0
DA:56,0
DA:57,0
DA:58,0
DA:59,0
DA:60,0
DA:61,0
DA:62,0
DA:63,0
DA:64,0
DA:65,0
DA:67,0
DA:68,0
DA:69,0
DA:70,0
DA:71,0
DA:72,0
DA:75,0
DA:78,0
DA:79,0
DA:80,0
DA:82,0
DA:85,0
DA:86,0
DA:89,1
DA:90,18
DA:91,0
DA:93,18
DA:96,1
DA:98,15
DA:120,1
DA:122,3
DA:135,1
DA:137,18
DA:143,1
DA:144,18
DA:145,18
DA:146,3
DA:148,15
DA:150,18
DA:154,1
DA:155,1
LF:65
LH:35
BRDA:26,16,0,14
BRDA:26,16,1,0
BRDA:43,17,0,0
BRDA:43,17,1,0
BRDA:71,18,0,0
BRDA:71,18,1,0
BRDA:79,19,0,0
BRDA:79,19,1,0
BRDA:90,20,0,0
BRDA:90,20,1,18
BRDA:99,21,0,15
BRDA:99,21,1,0
BRDA:145,22,0,3
BRDA:145,22,1,15
BRF:14
BRH:5
end_of_record
TN:
SF:/incubator-superset/superset/assets/src/components/FilterableTable/FilterableTable.jsx
FN:32,FilterableTable
FN:41,(anonymous_13)
FN:42,(anonymous_14)
FN:51,componentDidMount
FN:55,getDatum
FN:59,getWidthsForColumns
FN:62,(anonymous_21)
FN:64,(anonymous_22)
FN:72,fitTableToWidthIfNeeded
FN:80,formatTableData
FN:81,(anonymous_27)
FN:96,hasMatch
FN:109,(anonymous_30)
FN:112,headerRenderer
FN:123,rowClassName
FN:131,sort
FN:135,render
FN:149,(anonymous_39)
FN:154,(anonymous_40)
FN:155,(anonymous_41)
FN:158,rowGetter
FN:163,ref
FN:180,(anonymous_46)
FNF:23
FNH:20
FNDA:6,FilterableTable
FNDA:18,(anonymous_13)
FNDA:12,(anonymous_14)
FNDA:6,componentDidMount
FNDA:10,getDatum
FNDA:6,getWidthsForColumns
FNDA:18,(anonymous_21)
FNDA:36,(anonymous_22)
FNDA:6,fitTableToWidthIfNeeded
FNDA:6,formatTableData
FNDA:12,(anonymous_27)
FNDA:8,hasMatch
FNDA:28,(anonymous_30)
FNDA:18,headerRenderer
FNDA:16,rowClassName
FNDA:0,sort
FNDA:12,render
FNDA:8,(anonymous_39)
FNDA:0,(anonymous_40)
FNDA:0,(anonymous_41)
FNDA:10,rowGetter
FNDA:18,ref
FNDA:18,(anonymous_46)
DA:1,1
DA:2,1
DA:3,1
DA:4,1
DA:10,1
DA:12,1
DA:23,1
DA:31,1
DA:32,1
DA:33,6
DA:34,6
DA:35,6
DA:36,6
DA:37,6
DA:39,6
DA:40,6
DA:41,18
DA:42,12
DA:44,6
DA:51,1
DA:52,6
DA:55,1
DA:56,10
DA:59,1
DA:60,6
DA:61,6
DA:62,6
DA:63,18
DA:64,36
DA:67,18
DA:69,6
DA:72,1
DA:73,6
DA:74,6
DA:75,0
DA:77,6
DA:80,1
DA:81,6
DA:82,12
DA:83,12
DA:84,48
DA:85,48
DA:86,48
DA:88,0
DA:91,12
DA:93,6
DA:96,1
DA:97,8
DA:98,8
DA:99,32
DA:100,32
DA:101,32
DA:102,24
DA:103,8
DA:104,8
DA:108,8
DA:109,28
DA:112,18
DA:114,18
DA:123,16
DA:124,16
DA:125,16
DA:126,16
DA:128,16
DA:131,1
DA:132,0
DA:135,1
DA:136,12
DA:144,12
DA:146,12
DA:148,12
DA:149,8
DA:152,12
DA:153,0
DA:154,0
DA:155,0
DA:158,12
DA:160,12
DA:163,18
DA:181,18
DA:197,1
DA:198,1
LF:82
LH:76
BRDA:33,21,0,6
BRDA:33,21,1,0
BRDA:74,22,0,0
BRDA:74,22,1,6
BRDA:85,23,0,48
BRDA:85,23,1,0
BRDA:85,24,0,0
BRDA:85,24,1,48
BRDA:99,25,0,32
BRDA:99,25,1,0
BRDA:101,26,0,24
BRDA:101,26,1,8
BRDA:103,27,0,8
BRDA:103,27,1,0
BRDA:116,28,0,18
BRDA:116,28,1,0
BRDA:125,29,0,16
BRDA:125,29,1,0
BRDA:126,30,0,6
BRDA:126,30,1,10
BRDA:148,31,0,4
BRDA:148,31,1,8
BRDA:152,32,0,0
BRDA:152,32,1,12
BRDA:155,33,0,0
BRDA:155,33,1,0
BRDA:165,34,0,12
BRDA:165,34,1,6
BRF:28
BRH:17
end_of_record
TN:
SF:/incubator-superset/superset/assets/src/modules/visUtils.js
FN:3,isDefined
FN:7,getTextDimension
FN:22,(anonymous_3)
FN:23,(anonymous_4)
FN:55,getTextWidth
FN:59,computeMaxFontSize
FN:77,computeDimension
FNF:7
FNH:5
FNDA:432,isDefined
FNDA:54,getTextDimension
FNDA:324,(anonymous_3)
FNDA:54,(anonymous_4)
FNDA:54,getTextWidth
FNDA:0,computeMaxFontSize
FNDA:0,computeDimension
DA:1,1
DA:3,1
DA:4,432
DA:7,1
DA:8,54
DA:13,54
DA:14,54
DA:16,54
DA:17,0
DA:20,54
DA:21,54
DA:22,324
DA:24,54
DA:28,54
DA:29,54
DA:30,54
DA:31,54
DA:32,54
DA:33,54
DA:34,54
DA:35,0
DA:37,0
DA:43,54
DA:48,54
DA:49,54
DA:55,54
DA:56,54
DA:59,1
DA:60,0
DA:68,0
DA:69,0
DA:70,0
DA:71,0
DA:73,0
DA:77,1
DA:78,0
DA:86,0
DA:89,0
DA:90,0
DA:91,0
DA:92,0
DA:97,0
DA:98,0
DA:99,0
DA:100,0
DA:104,0
LF:46
LH:26
BRDA:4,1,0,432
BRDA:4,1,1,432
BRDA:11,2,0,54
BRDA:11,2,1,0
BRDA:16,3,0,0
BRDA:16,3,1,54
BRDA:20,4,0,54
BRDA:20,4,1,0
BRDA:34,5,0,0
BRDA:34,5,1,54
BRDA:55,6,0,0
BRDA:55,6,1,54
BRDA:55,7,0,54
BRDA:55,7,1,0
BRDA:69,8,0,0
BRDA:69,8,1,0
BRDA:70,9,0,0
BRDA:70,9,1,0
BRDA:89,10,0,0
BRDA:89,10,1,0
BRDA:97,11,0,0
BRDA:97,11,1,0
BRF:22
BRH:9
end_of_record
TN:
SF:/incubator-superset/superset/assets/src/components/MetricOption.jsx
FN:19,MetricOption
FNF:1
FNH:1
FNDA:14,MetricOption
DA:1,1
DA:2,1
DA:4,1
DA:5,1
DA:7,1
DA:14,1
DA:19,14
DA:20,14
DA:21,14
DA:23,14
DA:52,1
DA:53,1
LF:12
LH:12
BRDA:20,3,0,14
BRDA:20,3,1,8
BRDA:20,3,2,0
BRDA:21,4,0,2
BRDA:21,4,1,12
BRDA:21,5,0,1
BRDA:21,5,1,1
BRDA:24,6,0,14
BRDA:24,6,1,1
BRDA:26,7,0,14
BRDA:26,7,1,4
BRDA:35,8,0,14
BRDA:35,8,1,14
BRDA:42,9,0,14
BRDA:42,9,1,8
BRF:15
BRH:14
end_of_record
TN:
SF:/incubator-superset/superset/assets/src/components/OnPasteSelect.jsx
FN:6,onPaste
FN:16,(anonymous_14)
FN:21,(anonymous_15)
FN:25,(anonymous_16)
FN:30,(anonymous_17)
FN:35,(anonymous_18)
FN:49,render
FN:51,refFunc
FNF:8
FNH:7
FNDA:3,onPaste
FNDA:18,(anonymous_14)
FNDA:21,(anonymous_15)
FNDA:3,(anonymous_16)
FNDA:18,(anonymous_17)
FNDA:9,(anonymous_18)
FNDA:8,render
FNDA:0,refFunc
DA:1,1
DA:2,1
DA:3,1
DA:5,1
DA:6,1
DA:7,3
DA:10,3
DA:11,3
DA:12,3
DA:15,3
DA:16,18
DA:17,3
DA:18,3
DA:19,3
DA:20,3
DA:21,3
DA:22,21
DA:24,3
DA:25,3
DA:26,3
DA:27,3
DA:29,3
DA:31,18
DA:32,18
DA:33,18
DA:36,9
DA:37,9
DA:38,1
DA:40,9
DA:43,3
DA:44,3
DA:45,3
DA:49,1
DA:50,8
DA:51,8
DA:52,0
DA:53,0
DA:55,0
DA:57,8
DA:59,8
DA:68,1
DA:80,1
LF:42
LH:39
BRDA:7,20,0,0
BRDA:7,20,1,3
BRDA:12,21,0,0
BRDA:12,21,1,3
BRDA:18,22,0,3
BRDA:18,22,1,0
BRDA:33,23,0,18
BRDA:33,23,1,11
BRDA:33,24,0,11
BRDA:33,24,1,0
BRDA:37,25,0,1
BRDA:37,25,1,8
BRDA:43,26,0,3
BRDA:43,26,1,0
BRDA:44,27,0,3
BRDA:44,27,1,0
BRDA:52,28,0,0
BRDA:52,28,1,0
BRF:18
BRH:10
end_of_record
TN:
SF:/incubator-superset/superset/assets/src/components/PopoverSection.jsx
FN:13,PopoverSection
FNF:1
FNH:1
FNDA:4,PopoverSection
DA:1,1
DA:2,1
DA:3,1
DA:5,1
DA:13,4
DA:15,4
DA:31,1
LF:7
LH:7
BRDA:15,3,0,1
BRDA:15,3,1,3
BRDA:19,4,0,4
BRDA:19,4,1,4
BRDA:24,5,0,3
BRDA:24,5,1,1
BRF:6
BRH:6
end_of_record
TN:
SF:/incubator-superset/superset/assets/src/components/URLShortLinkButton.jsx
FN:17,URLShortLinkButton
FN:26,onShortUrlSuccess
FN:32,getCopyUrl
FN:36,renderPopover
FN:52,render
FNF:5
FNH:3
FNDA:1,URLShortLinkButton
FNDA:0,onShortUrlSuccess
FNDA:0,getCopyUrl
FNDA:1,renderPopover
FNDA:1,render
DA:1,1
DA:2,1
DA:3,1
DA:4,1
DA:5,1
DA:6,1
DA:7,1
DA:9,1
DA:16,1
DA:17,1
DA:18,1
DA:19,1
DA:22,1
DA:23,1
DA:26,1
DA:27,0
DA:32,1
DA:33,0
DA:36,1
DA:37,1
DA:39,1
DA:52,1
DA:54,1
DA:69,1
DA:75,1
DA:77,1
LF:26
LH:24
BRDA:18,16,0,1
BRDA:18,16,1,0
BRF:2
BRH:1
end_of_record
TN:
SF:/incubator-superset/superset/assets/src/messageToasts/enhancers/withToasts.jsx
FN:12,withToasts
FN:15,(anonymous_2)
FNF:2
FNH:2
FNDA:7,withToasts
FNDA:17,(anonymous_2)
DA:1,1
DA:2,1
DA:4,1
DA:12,1
DA:13,7
DA:16,17
LF:6
LH:6
BRF:0
BRH:0
end_of_record
TN:
SF:/incubator-superset/superset/assets/src/messageToasts/actions/index.js
FN:10,getToastUuid
FN:15,addToast
FN:28,removeToast
FN:39,addInfoToast
FN:40,(anonymous_6)
FN:45,addSuccessToast
FN:46,(anonymous_8)
FN:51,addWarningToast
FN:52,(anonymous_10)
FN:57,addDangerToast
FN:58,(anonymous_12)
FNF:11
FNH:3
FNDA:3,getToastUuid
FNDA:3,addToast
FNDA:0,removeToast
FNDA:1,addInfoToast
FNDA:0,(anonymous_6)
FNDA:0,addSuccessToast
FNDA:0,(anonymous_8)
FNDA:0,addWarningToast
FNDA:0,(anonymous_10)
FNDA:0,addDangerToast
FNDA:0,(anonymous_12)
DA:1,1
DA:3,1
DA:10,1
DA:11,3
DA:14,1
DA:15,3
DA:16,3
DA:27,1
DA:28,1
DA:29,0
DA:38,1
DA:39,1
DA:40,1
DA:41,0
DA:44,1
DA:45,1
DA:46,0
DA:47,0
DA:50,1
DA:51,1
DA:52,0
DA:53,0
DA:56,1
DA:57,1
DA:58,0
DA:59,0
LF:26
LH:18
BRDA:15,3,0,3
BRDA:15,3,1,0
BRF:2
BRH:2
end_of_record
TN:
SF:/incubator-superset/superset/assets/src/messageToasts/constants.js
FNF:0
FNH:0
DA:2,1
DA:3,1
DA:4,1
DA:5,1
LF:4
LH:4
BRF:0
BRH:0
end_of_record
TN:
SF:/incubator-superset/superset/assets/src/components/URLShortLinkModal.jsx
FN:19,URLShortLinkModal
FN:30,onShortUrlSuccess
FN:36,setModalRef
FN:40,getCopyUrl
FN:44,render
FNF:5
FNH:3
FNDA:4,URLShortLinkModal
FNDA:0,onShortUrlSuccess
FNDA:3,setModalRef
FNDA:0,getCopyUrl
FNDA:4,render
DA:1,1
DA:2,1
DA:3,1
DA:4,1
DA:5,1
DA:6,1
DA:7,1
DA:9,1
DA:18,1
DA:19,1
DA:20,4
DA:21,4
DA:24,4
DA:25,4
DA:26,4
DA:27,4
DA:30,1
DA:31,0
DA:36,1
DA:37,3
DA:40,1
DA:41,0
DA:44,1
DA:45,4
DA:47,4
DA:70,1
DA:76,1
DA:78,1
LF:28
LH:26
BRDA:20,16,0,4
BRDA:20,16,1,0
BRF:2
BRH:1
end_of_record
TN:
SF:/incubator-superset/superset/assets/src/components/VirtualizedRendererWrap.jsx
FN:4,VirtualizedRendererWrap
FN:5,WrapperRenderer
FNF:2
FNH:2
FNDA:100,VirtualizedRendererWrap
FNDA:14,WrapperRenderer
DA:1,1
DA:2,1
DA:4,1
DA:5,1
DA:6,14
DA:14,14
DA:15,1
DA:17,13
DA:18,13
DA:19,1
DA:21,13
DA:22,1
DA:24,13
DA:25,1
DA:27,13
DA:28,3
DA:30,13
DA:31,1
DA:32,1
DA:35,13
DA:46,100
DA:55,100
LF:22
LH:22
BRDA:14,5,0,1
BRDA:14,5,1,13
BRDA:18,6,0,1
BRDA:18,6,1,12
BRDA:21,7,0,1
BRDA:21,7,1,12
BRDA:24,8,0,1
BRDA:24,8,1,12
BRDA:24,9,0,13
BRDA:24,9,1,13
BRDA:27,10,0,3
BRDA:27,10,1,10
BRDA:30,11,0,1
BRDA:30,11,1,12
BRDA:38,12,0,13
BRDA:38,12,1,13
BRF:16
BRH:16
end_of_record
TN:
SF:/incubator-superset/superset/assets/src/CRUD/CollectionTable.jsx
FN:24,onChange
FN:34,Frame
FN:40,createKeyedCollection
FN:41,(anonymous_16)
FN:46,(anonymous_17)
FN:53,CRUDCollection
FN:67,componentWillReceiveProps
FN:74,onCellChange
FN:84,onAddItem
FN:94,onFieldsetChange
FN:100,getLabel
FN:109,changeCollection
FN:111,(anonymous_32)
FN:113,deleteItem
FN:118,effectiveTableColumns
FN:123,toggleExpand
FN:132,renderHeaderRow
FN:138,(anonymous_41)
FN:144,renderExpandableSection
FN:145,propsGenerator
FN:148,renderCell
FN:154,renderItem
FN:168,(anonymous_50)
FN:193,renderEmptyCell
FN:196,renderTableBody
FN:197,(anonymous_55)
FN:198,(anonymous_56)
FN:201,render
FNF:28
FNH:15
FNDA:0,onChange
FNDA:0,Frame
FNDA:2,createKeyedCollection
FNDA:14,(anonymous_16)
FNDA:14,(anonymous_17)
FNDA:2,CRUDCollection
FNDA:0,componentWillReceiveProps
FNDA:0,onCellChange
FNDA:0,onAddItem
FNDA:0,onFieldsetChange
FNDA:6,getLabel
FNDA:0,changeCollection
FNDA:0,(anonymous_32)
FNDA:0,deleteItem
FNDA:2,effectiveTableColumns
FNDA:0,toggleExpand
FNDA:2,renderHeaderRow
FNDA:6,(anonymous_41)
FNDA:0,renderExpandableSection
FNDA:0,propsGenerator
FNDA:42,renderCell
FNDA:14,renderItem
FNDA:42,(anonymous_50)
FNDA:0,renderEmptyCell
FNDA:2,renderTableBody
FNDA:14,(anonymous_55)
FNDA:14,(anonymous_56)
FNDA:2,render
DA:1,1
DA:2,1
DA:3,1
DA:5,1
DA:6,1
DA:7,1
DA:8,1
DA:10,1
DA:23,1
DA:24,1
DA:30,0
DA:34,1
DA:35,0
DA:38,1
DA:40,1
DA:41,2
DA:42,14
DA:45,2
DA:46,2
DA:47,14
DA:49,2
DA:52,1
DA:53,1
DA:54,2
DA:55,2
DA:59,2
DA:60,2
DA:61,2
DA:62,2
DA:63,2
DA:64,2
DA:65,2
DA:67,1
DA:68,0
DA:69,0
DA:74,1
DA:75,0
DA:84,1
DA:85,0
DA:86,0
DA:87,0
DA:89,0
DA:94,1
DA:95,0
DA:100,1
DA:101,6
DA:102,6
DA:103,6
DA:105,0
DA:107,6
DA:109,1
DA:110,0
DA:111,0
DA:113,1
DA:114,0
DA:115,0
DA:116,0
DA:118,1
DA:119,2
DA:120,2
DA:121,2
DA:123,1
DA:124,0
DA:125,0
DA:132,1
DA:133,2
DA:135,2
DA:138,6
DA:144,1
DA:145,1
DA:146,0
DA:148,1
DA:149,42
DA:150,42
DA:151,42
DA:152,42
DA:154,1
DA:155,14
DA:157,14
DA:158,14
DA:159,14
DA:160,0
DA:168,14
DA:169,42
DA:171,14
DA:172,0
DA:180,14
DA:181,14
DA:182,0
DA:191,14
DA:193,1
DA:194,0
DA:196,1
DA:197,14
DA:198,14
DA:199,2
DA:201,1
DA:203,2
DA:221,1
DA:222,1
LF:100
LH:77
BRDA:43,17,0,14
BRDA:43,17,1,14
BRDA:54,18,0,2
BRDA:54,18,1,0
BRDA:68,19,0,0
BRDA:68,19,1,0
BRDA:86,20,0,0
BRDA:86,20,1,0
BRDA:102,21,0,0
BRDA:102,21,1,6
BRDA:103,22,0,0
BRDA:103,22,1,6
BRDA:120,23,0,0
BRDA:120,23,1,2
BRDA:121,24,0,0
BRDA:121,24,1,2
BRDA:137,25,0,2
BRDA:137,25,1,0
BRDA:139,26,0,2
BRDA:139,26,1,0
BRDA:152,27,0,0
BRDA:152,27,1,42
BRDA:157,28,0,14
BRDA:157,28,1,14
BRDA:159,29,0,0
BRDA:159,29,1,14
BRDA:163,30,0,0
BRDA:163,30,1,0
BRDA:171,31,0,0
BRDA:171,31,1,14
BRDA:181,32,0,0
BRDA:181,32,1,14
BRDA:198,33,0,2
BRDA:198,33,1,0
BRDA:211,34,0,2
BRDA:211,34,1,0
BRF:36
BRH:17
end_of_record
TN:
SF:/incubator-superset/superset/assets/src/CRUD/Fieldset.jsx
FN:21,Fieldset
FN:25,onChange
FN:31,render
FN:33,propExtender
FNF:4
FNH:0
FNDA:0,Fieldset
FNDA:0,onChange
FNDA:0,render
FNDA:0,propExtender
DA:1,1
DA:2,1
DA:3,1
DA:5,1
DA:6,1
DA:8,1
DA:15,1
DA:20,1
DA:21,1
DA:22,0
DA:23,0
DA:25,1
DA:26,0
DA:31,1
DA:32,0
DA:33,1
DA:39,0
DA:48,1
DA:49,1
LF:19
LH:14
BRDA:22,17,0,0
BRDA:22,17,1,0
BRDA:41,18,0,0
BRDA:41,18,1,0
BRF:4
BRH:0
end_of_record
TN:
SF:/incubator-superset/superset/assets/src/CRUD/utils.js
FN:3,recurseReactClone
FN:8,(anonymous_3)
FNF:2
FNH:0
FNDA:0,recurseReactClone
FNDA:0,(anonymous_3)
DA:1,1
DA:3,1
DA:8,0
DA:9,0
DA:10,0
DA:11,0
DA:13,0
DA:14,0
DA:18,0
LF:9
LH:2
BRDA:10,3,0,0
BRDA:10,3,1,0
BRDA:10,4,0,0
BRDA:10,4,1,0
BRDA:13,5,0,0
BRDA:13,5,1,0
BRDA:13,6,0,0
BRDA:13,6,1,0
BRF:8
BRH:0
end_of_record
TN:
SF:/incubator-superset/superset/assets/src/CRUD/Field.jsx
FN:20,onChange
FN:26,Field
FN:30,onChange
FN:33,render
FNF:4
FNH:0
FNDA:0,onChange
FNDA:0,Field
FNDA:0,onChange
FNDA:0,render
DA:1,1
DA:2,1
DA:3,1
DA:7,1
DA:9,1
DA:18,1
DA:20,1
DA:25,1
DA:26,1
DA:27,0
DA:28,0
DA:30,1
DA:31,0
DA:33,1
DA:34,0
DA:35,0
DA:37,0
DA:62,1
DA:63,1
LF:19
LH:13
BRDA:27,16,0,0
BRDA:27,16,1,0
BRDA:41,17,0,0
BRDA:41,17,1,0
BRDA:42,18,0,0
BRDA:42,18,1,0
BRDA:42,18,2,0
BRDA:55,19,0,0
BRDA:55,19,1,0
BRDA:55,19,2,0
BRF:10
BRH:0
end_of_record
TN:
SF:/incubator-superset/superset/assets/src/dashboard/actions/dashboardLayout.js
FN:17,setUnsavedChangesAfterAction
FN:18,(anonymous_4)
FN:18,(anonymous_5)
FN:36,(anonymous_6)
FN:44,updateDashboardTitle
FN:45,(anonymous_8)
FN:61,(anonymous_9)
FN:70,(anonymous_10)
FN:79,(anonymous_11)
FN:87,(anonymous_12)
FN:94,resizeComponent
FN:95,(anonymous_14)
FN:121,(anonymous_15)
FN:129,handleComponentDrop
FN:130,(anonymous_17)
FN:186,undoLayoutAction
FN:187,(anonymous_19)
FNF:17
FNH:17
FNDA:7,setUnsavedChangesAfterAction
FNDA:19,(anonymous_4)
FNDA:17,(anonymous_5)
FNDA:5,(anonymous_6)
FNDA:1,updateDashboardTitle
FNDA:1,(anonymous_8)
FNDA:3,(anonymous_9)
FNDA:1,(anonymous_10)
FNDA:3,(anonymous_11)
FNDA:2,(anonymous_12)
FNDA:2,resizeComponent
FNDA:2,(anonymous_14)
FNDA:1,(anonymous_15)
FNDA:5,handleComponentDrop
FNDA:5,(anonymous_17)
FNDA:2,undoLayoutAction
FNDA:2,(anonymous_19)
DA:1,1
DA:3,1
DA:4,1
DA:5,1
DA:6,1
DA:11,1
DA:12,1
DA:17,1
DA:18,20
DA:19,17
DA:20,17
DA:21,0
DA:23,17
DA:26,17
DA:27,6
DA:33,1
DA:35,1
DA:36,5
DA:44,1
DA:45,1
DA:46,1
DA:48,1
DA:60,1
DA:61,3
DA:69,1
DA:70,1
DA:78,1
DA:79,3
DA:86,1
DA:87,2
DA:93,1
DA:94,2
DA:95,2
DA:96,2
DA:97,2
DA:98,2
DA:99,2
DA:100,2
DA:101,2
DA:103,2
DA:114,2
DA:120,1
DA:121,1
DA:128,1
DA:129,1
DA:130,5
DA:131,5
DA:136,5
DA:137,0
DA:144,5
DA:145,5
DA:146,5
DA:148,5
DA:149,1
DA:150,4
DA:151,1
DA:152,3
DA:158,3
DA:161,5
DA:164,5
DA:165,3
DA:166,3
DA:168,3
DA:173,1
DA:177,1
DA:181,5
DA:186,1
DA:187,2
DA:188,2
DA:190,2
DA:193,2
DA:196,1
DA:201,1
LF:73
LH:71
BRDA:20,4,0,0
BRDA:20,4,1,17
BRDA:26,5,0,6
BRDA:26,5,1,11
BRDA:99,6,0,2
BRDA:99,6,1,2
BRDA:100,7,0,2
BRDA:100,7,1,2
BRDA:101,8,0,2
BRDA:101,8,1,0
BRDA:101,9,0,2
BRDA:101,9,1,2
BRDA:101,9,2,0
BRDA:108,10,0,2
BRDA:108,10,1,0
BRDA:109,11,0,2
BRDA:109,11,1,0
BRDA:136,12,0,0
BRDA:136,12,1,5
BRDA:145,13,0,5
BRDA:145,13,1,5
BRDA:148,14,0,1
BRDA:148,14,1,4
BRDA:150,15,0,1
BRDA:150,15,1,3
BRDA:150,16,0,4
BRDA:150,16,1,4
BRDA:152,17,0,3
BRDA:152,17,1,0
BRDA:153,18,0,3
BRDA:153,18,1,3
BRDA:153,18,2,3
BRDA:156,19,0,3
BRDA:156,19,1,0
BRDA:164,20,0,3
BRDA:164,20,1,2
BRDA:168,21,0,1
BRDA:168,21,1,2
BRDA:168,22,0,3
BRDA:168,22,1,2
BRDA:168,22,2,3
BRDA:168,22,3,2
BRDA:193,23,0,1
BRDA:193,23,1,1
BRDA:193,24,0,2
BRDA:193,24,1,1
BRF:46
BRH:38
end_of_record
TN:
SF:/incubator-superset/superset/assets/src/dashboard/actions/dashboardState.js
FN:25,setUnsavedChanges
FN:30,changeFilter
FN:42,addSlice
FN:47,removeSlice
FN:53,toggleFaveStar
FN:58,fetchFaveStar
FN:59,fetchFaveStarThunk
FN:61,(anonymous_10)
FN:70,saveFaveStar
FN:71,saveFaveStarThunk
FN:80,toggleExpandSlice
FN:85,updateCss
FN:90,setEditMode
FN:95,onChange
FN:100,onSave
FN:104,saveDashboardRequestSuccess
FN:105,(anonymous_20)
FN:112,saveDashboardRequest
FN:115,(anonymous_22)
FN:122,success
FN:126,error
FN:138,fetchCharts
FN:139,(anonymous_28)
FN:148,(anonymous_29)
FN:163,(anonymous_30)
FN:165,(anonymous_31)
FN:173,startPeriodicRender
FN:174,stopPeriodicRender
FN:181,(anonymous_35)
FN:186,refreshAll
FN:188,(anonymous_38)
FN:192,fetchAndRender
FN:204,toggleBuilderPane
FN:208,addSliceToDashboard
FN:209,(anonymous_43)
FN:230,(anonymous_44)
FN:234,removeSliceFromDashboard
FN:235,(anonymous_46)
FN:243,setMaxUndoHistoryExceeded
FN:250,maxUndoHistoryToast
FN:251,(anonymous_49)
FNF:41
FNH:3
FNDA:13,setUnsavedChanges
FNDA:0,changeFilter
FNDA:0,addSlice
FNDA:0,removeSlice
FNDA:0,toggleFaveStar
FNDA:3,fetchFaveStar
FNDA:3,fetchFaveStarThunk
FNDA:0,(anonymous_10)
FNDA:0,saveFaveStar
FNDA:0,saveFaveStarThunk
FNDA:0,toggleExpandSlice
FNDA:0,updateCss
FNDA:0,setEditMode
FNDA:0,onChange
FNDA:0,onSave
FNDA:0,saveDashboardRequestSuccess
FNDA:0,(anonymous_20)
FNDA:0,saveDashboardRequest
FNDA:0,(anonymous_22)
FNDA:0,success
FNDA:0,error
FNDA:0,fetchCharts
FNDA:0,(anonymous_28)
FNDA:0,(anonymous_29)
FNDA:0,(anonymous_30)
FNDA:0,(anonymous_31)
FNDA:0,startPeriodicRender
FNDA:0,stopPeriodicRender
FNDA:0,(anonymous_35)
FNDA:0,refreshAll
FNDA:0,(anonymous_38)
FNDA:0,fetchAndRender
FNDA:0,toggleBuilderPane
FNDA:0,addSliceToDashboard
FNDA:0,(anonymous_43)
FNDA:0,(anonymous_44)
FNDA:0,removeSliceFromDashboard
FNDA:0,(anonymous_46)
FNDA:0,setMaxUndoHistoryExceeded
FNDA:0,maxUndoHistoryToast
FNDA:0,(anonymous_49)
DA:2,1
DA:3,1
DA:5,1
DA:6,1
DA:7,1
DA:8,1
DA:9,1
DA:10,1
DA:15,1
DA:16,1
DA:18,1
DA:24,1
DA:25,1
DA:26,13
DA:29,1
DA:30,1
DA:31,0
DA:38,0
DA:41,1
DA:42,1
DA:43,0
DA:46,1
DA:47,1
DA:48,0
DA:51,1
DA:52,1
DA:53,1
DA:54,0
DA:57,1
DA:58,1
DA:59,3
DA:60,3
DA:61,3
DA:62,0
DA:63,0
DA:69,1
DA:70,1
DA:71,1
DA:72,0
DA:73,0
DA:74,0
DA:75,0
DA:79,1
DA:80,1
DA:81,0
DA:84,1
DA:85,1
DA:86,0
DA:89,1
DA:90,1
DA:91,0
DA:94,1
DA:95,1
DA:96,0
DA:99,1
DA:100,1
DA:101,0
DA:104,1
DA:105,0
DA:106,0
DA:108,0
DA:112,1
DA:113,0
DA:114,0
DA:115,0
DA:116,0
DA:122,1
DA:123,0
DA:124,0
DA:126,1
DA:127,0
DA:129,0
DA:138,1
DA:139,0
DA:140,0
DA:145,0
DA:147,0
DA:148,0
DA:152,0
DA:153,0
DA:154,0
DA:155,0
DA:160,0
DA:163,0
DA:165,0
DA:172,1
DA:173,1
DA:174,1
DA:175,0
DA:176,0
DA:177,0
DA:181,0
DA:184,0
DA:185,0
DA:186,1
DA:187,0
DA:188,0
DA:190,0
DA:192,1
DA:194,0
DA:195,0
DA:203,1
DA:204,1
DA:205,0
DA:208,1
DA:209,0
DA:210,0
DA:211,0
DA:212,0
DA:213,0
DA:219,0
DA:220,0
DA:227,0
DA:230,0
DA:234,1
DA:235,0
DA:236,0
DA:237,0
DA:242,1
DA:243,1
DA:244,0
DA:250,1
DA:251,0
DA:252,0
DA:253,0
DA:255,0
LF:126
LH:58
BRDA:30,3,0,0
BRDA:30,3,1,0
BRDA:30,4,0,0
BRDA:30,4,1,0
BRDA:30,5,0,0
BRDA:30,5,1,0
BRDA:30,6,0,0
BRDA:30,6,1,0
BRDA:34,7,0,0
BRDA:34,7,1,0
BRDA:34,8,0,0
BRDA:34,8,1,0
BRDA:34,8,2,0
BRDA:62,9,0,0
BRDA:62,9,1,0
BRDA:72,10,0,0
BRDA:72,10,1,0
BRDA:113,11,0,0
BRDA:113,11,1,0
BRDA:138,12,0,0
BRDA:138,12,1,0
BRDA:138,13,0,0
BRDA:138,13,1,0
BRDA:138,14,0,0
BRDA:138,14,1,0
BRDA:138,15,0,0
BRDA:138,15,1,0
BRDA:138,16,0,0
BRDA:138,16,1,0
BRDA:138,17,0,0
BRDA:138,17,1,0
BRDA:147,18,0,0
BRDA:147,18,1,0
BRDA:153,19,0,0
BRDA:153,19,1,0
BRDA:154,20,0,0
BRDA:154,20,1,0
BRDA:157,21,0,0
BRDA:157,21,1,0
BRDA:161,22,0,0
BRDA:161,22,1,0
BRDA:175,23,0,0
BRDA:175,23,1,0
BRDA:185,24,0,0
BRDA:185,24,1,0
BRDA:194,25,0,0
BRDA:194,25,1,0
BRDA:212,26,0,0
BRDA:212,26,1,0
BRDA:243,27,0,0
BRDA:243,27,1,0
BRDA:243,28,0,0
BRDA:243,28,1,0
BRF:53
BRH:0
end_of_record
TN:
SF:/incubator-superset/superset/assets/src/dashboard/actions/datasources.js
FN:4,setDatasource
FN:9,fetchDatasourceStarted
FN:14,fetchDatasourceFailed
FN:18,fetchDatasourceMetadata
FN:19,(anonymous_6)
FNF:5
FNH:0
FNDA:0,setDatasource
FNDA:0,fetchDatasourceStarted
FNDA:0,fetchDatasourceFailed
FNDA:0,fetchDatasourceMetadata
FNDA:0,(anonymous_6)
DA:1,1
DA:3,1
DA:4,1
DA:5,0
DA:8,1
DA:9,1
DA:10,0
DA:13,1
DA:14,1
DA:15,0
DA:18,1
DA:19,0
DA:20,0
DA:21,0
DA:23,0
DA:24,0
DA:27,0
DA:28,0
DA:31,0
DA:33,0
LF:20
LH:8
BRDA:23,3,0,0
BRDA:23,3,1,0
BRF:2
BRH:0
end_of_record
TN:
SF:/incubator-superset/superset/assets/src/explore/store.js
FN:6,getFormDataFromControls
FN:8,(anonymous_3)
FN:14,getControlNames
FN:17,(anonymous_5)
FN:18,(anonymous_6)
FN:19,(anonymous_7)
FN:23,handleDeprecatedControls
FN:33,getControlsState
FN:53,(anonymous_10)
FN:75,(anonymous_11)
FN:77,(anonymous_12)
FN:102,applyDefaultFormData
FN:109,(anonymous_14)
FN:133,(anonymous_15)
FNF:14
FNH:3
FNDA:2,getFormDataFromControls
FNDA:398,(anonymous_3)
FNDA:0,getControlNames
FNDA:0,(anonymous_5)
FNDA:0,(anonymous_6)
FNDA:0,(anonymous_7)
FNDA:0,handleDeprecatedControls
FNDA:0,getControlsState
FNDA:0,(anonymous_10)
FNDA:0,(anonymous_11)
FNDA:0,(anonymous_12)
FNDA:0,applyDefaultFormData
FNDA:0,(anonymous_14)
FNDA:199,(anonymous_15)
DA:2,1
DA:3,1
DA:4,1
DA:6,1
DA:7,2
DA:8,2
DA:9,398
DA:11,2
DA:14,1
DA:15,0
DA:16,0
DA:17,0
DA:18,0
DA:19,0
DA:20,0
DA:23,1
DA:28,0
DA:29,0
DA:33,1
DA:43,0
DA:44,0
DA:46,0
DA:48,0
DA:50,0
DA:51,0
DA:52,0
DA:53,0
DA:54,0
DA:58,0
DA:59,0
DA:60,0
DA:61,0
DA:64,0
DA:69,0
DA:75,0
DA:76,0
DA:77,0
DA:78,0
DA:79,0
DA:83,0
DA:84,0
DA:86,0
DA:87,0
DA:89,0
DA:92,0
DA:94,0
DA:96,0
DA:97,0
DA:99,0
DA:102,1
DA:103,0
DA:104,0
DA:105,0
DA:106,0
DA:107,0
DA:108,0
DA:109,0
DA:110,0
DA:111,0
DA:112,0
DA:114,0
DA:115,0
DA:116,0
DA:118,0
DA:121,0
DA:124,0
DA:127,1
DA:132,1
DA:133,1
DA:134,199
DA:137,1
DA:142,1
LF:72
LH:18
BRDA:28,3,0,0
BRDA:28,3,1,0
BRDA:44,4,0,0
BRDA:44,4,1,0
BRDA:51,5,0,0
BRDA:51,5,1,0
BRDA:54,6,0,0
BRDA:54,6,1,0
BRDA:59,7,0,0
BRDA:59,7,1,0
BRDA:64,8,0,0
BRDA:64,8,1,0
BRDA:64,9,0,0
BRDA:64,9,1,0
BRDA:64,9,2,0
BRDA:69,10,0,0
BRDA:69,10,1,0
BRDA:69,11,0,0
BRDA:69,11,1,0
BRDA:69,11,2,0
BRDA:69,11,3,0
BRDA:69,11,4,0
BRDA:76,12,0,0
BRDA:76,12,1,0
BRDA:76,13,0,0
BRDA:76,13,1,0
BRDA:78,14,0,0
BRDA:78,14,1,0
BRDA:78,15,0,0
BRDA:78,15,1,0
BRDA:83,16,0,0
BRDA:83,16,1,0
BRDA:89,17,0,0
BRDA:89,17,1,0
BRDA:89,18,0,0
BRDA:89,18,1,0
BRDA:89,18,2,0
BRDA:89,18,3,0
BRDA:96,19,0,0
BRDA:96,19,1,0
BRDA:104,20,0,0
BRDA:104,20,1,0
BRDA:107,21,0,0
BRDA:107,21,1,0
BRDA:111,22,0,0
BRDA:111,22,1,0
BRDA:114,23,0,0
BRDA:114,23,1,0
BRDA:115,24,0,0
BRDA:115,24,1,0
BRF:50
BRH:0
end_of_record
TN:
SF:/incubator-superset/superset/assets/src/dashboard/util/constants.js
FNF:0
FNH:0
DA:2,1
DA:3,1
DA:4,1
DA:5,1
DA:7,1
DA:8,1
DA:9,1
DA:10,1
DA:11,1
DA:12,1
DA:13,1
DA:14,1
DA:15,1
DA:18,1
DA:19,1
DA:20,1
DA:21,1
DA:22,1
DA:23,1
DA:24,1
DA:25,1
DA:26,1
DA:29,1
DA:30,1
DA:31,1
DA:34,1
DA:35,1
DA:38,1
DA:41,1
DA:42,1
DA:46,1
LF:31
LH:31
BRF:0
BRH:0
end_of_record
TN:
SF:/incubator-superset/superset/assets/src/dashboard/util/componentTypes.js
FNF:0
FNH:0
DA:1,1
DA:2,1
DA:3,1
DA:4,1
DA:5,1
DA:6,1
DA:7,1
DA:8,1
DA:9,1
DA:10,1
DA:11,1
DA:12,1
DA:14,1
LF:13
LH:13
BRF:0
BRH:0
end_of_record
TN:
SF:/incubator-superset/superset/assets/src/dashboard/util/dropOverflowsParent.js
FN:3,doesChildOverflowParent
FNF:1
FNH:1
FNDA:13,doesChildOverflowParent
DA:1,1
DA:3,1
DA:4,13
DA:5,13
LF:4
LH:4
BRDA:5,3,0,13
BRDA:5,3,1,10
BRF:2
BRH:2
end_of_record
TN:
SF:/incubator-superset/superset/assets/src/dashboard/util/getComponentWidthFromDrop.js
FN:6,getComponentWidthFromDrop
FNF:1
FNH:1
FNDA:17,getComponentWidthFromDrop
DA:1,1
DA:2,1
DA:3,1
DA:4,1
DA:6,1
DA:7,17
DA:10,17
DA:12,17
DA:13,17
DA:18,17
DA:19,0
DA:22,17
DA:27,17
DA:32,17
DA:35,17
DA:36,7
DA:45,7
DA:48,17
DA:49,9
DA:50,8
DA:51,3
DA:52,5
DA:53,2
DA:56,3
LF:24
LH:23
BRDA:14,3,0,3
BRDA:14,3,1,14
BRDA:15,4,0,14
BRDA:15,4,1,3
BRDA:18,5,0,0
BRDA:18,5,1,17
BRDA:35,6,0,7
BRDA:35,6,1,10
BRDA:48,7,0,9
BRDA:48,7,1,8
BRDA:48,8,0,17
BRDA:48,8,1,10
BRDA:50,9,0,3
BRDA:50,9,1,5
BRDA:52,10,0,2
BRDA:52,10,1,3
BRF:16
BRH:15
end_of_record
TN:
SF:/incubator-superset/superset/assets/src/dashboard/util/findParentId.js
FN:1,findParentId
FN:22,findParentIdWithCache
FNF:2
FNH:2
FNDA:29,findParentId
FNDA:40,findParentIdWithCache
DA:1,29
DA:2,29
DA:4,29
DA:5,29
DA:6,58
DA:7,58
DA:9,58
DA:13,6
DA:18,29
DA:21,1
DA:22,40
DA:23,40
DA:24,12
DA:25,12
DA:26,11
DA:29,29
DA:30,29
LF:17
LH:17
BRDA:1,1,0,0
BRDA:1,1,1,29
BRDA:7,2,0,58
BRDA:7,2,1,0
BRDA:9,3,0,6
BRDA:9,3,1,52
BRDA:9,4,0,58
BRDA:9,4,1,40
BRDA:9,4,2,23
BRDA:22,5,0,0
BRDA:22,5,1,40
BRDA:23,6,0,12
BRDA:23,6,1,28
BRDA:24,7,0,12
BRDA:24,7,1,1
BRDA:25,8,0,11
BRDA:25,8,1,1
BRDA:25,9,0,12
BRDA:25,9,1,11
BRF:19
BRH:16
end_of_record
TN:
SF:/incubator-superset/superset/assets/src/dashboard/util/getDetailedComponentWidth.js
FN:10,getTotalChildWidth
FN:16,(anonymous_3)
FN:24,getDetailedComponentWidth
FN:59,(anonymous_5)
FNF:4
FNH:4
FNDA:31,getTotalChildWidth
FNDA:36,(anonymous_3)
FNDA:102,getDetailedComponentWidth
FNDA:7,(anonymous_5)
DA:1,1
DA:2,1
DA:3,1
DA:10,31
DA:11,31
DA:12,31
DA:14,28
DA:16,28
DA:17,36
DA:18,36
DA:21,28
DA:24,1
DA:26,102
DA:30,102
DA:36,102
DA:37,102
DA:40,76
DA:41,76
DA:43,76
DA:45,28
DA:53,28
DA:54,28
DA:55,48
DA:57,11
DA:58,11
DA:59,11
DA:61,7
DA:62,3
DA:68,37
DA:72,13
DA:75,76
LF:31
LH:31
BRDA:12,3,0,3
BRDA:12,3,1,28
BRDA:16,4,0,28
BRDA:16,4,1,3
BRDA:17,5,0,36
BRDA:17,5,1,1
BRDA:18,6,0,36
BRDA:18,6,1,1
BRDA:18,7,0,36
BRDA:18,7,1,1
BRDA:28,8,0,11
BRDA:28,8,1,91
BRDA:36,9,0,102
BRDA:36,9,1,74
BRDA:37,10,0,26
BRDA:37,10,1,76
BRDA:40,11,0,76
BRDA:40,11,1,28
BRDA:43,12,0,28
BRDA:43,12,1,48
BRDA:46,13,0,28
BRDA:46,13,1,27
BRDA:54,14,0,28
BRDA:54,14,1,8
BRDA:55,15,0,11
BRDA:55,15,1,37
BRDA:59,16,0,11
BRDA:59,16,1,4
BRDA:61,17,0,3
BRDA:61,17,1,4
BRDA:68,18,0,13
BRDA:68,18,1,24
BRDA:69,19,0,37
BRDA:69,19,1,35
BRF:34
BRH:34
end_of_record
TN:
SF:/incubator-superset/superset/assets/src/dashboard/util/newComponentFactory.js
FN:38,uuid
FN:42,entityFactory
FNF:2
FNH:2
FNDA:38,uuid
FNDA:38,entityFactory
DA:1,1
DA:3,1
DA:14,1
DA:20,1
DA:38,1
DA:39,38
DA:42,1
DA:43,38
LF:8
LH:8
BRF:0
BRH:0
end_of_record
TN:
SF:/incubator-superset/superset/assets/src/dashboard/components/CodeModal.jsx
FN:14,codeCallback
FN:19,CodeModal
FN:25,beforeOpen
FN:33,render
FNF:4
FNH:2
FNDA:0,codeCallback
FNDA:1,CodeModal
FNDA:0,beforeOpen
FNDA:1,render
DA:1,1
DA:2,1
DA:4,1
DA:5,1
DA:7,1
DA:13,1
DA:14,1
DA:18,1
DA:19,1
DA:20,1
DA:21,1
DA:22,1
DA:25,1
DA:26,0
DA:27,0
DA:28,0
DA:30,0
DA:33,1
DA:35,1
DA:49,1
DA:50,1
LF:21
LH:17
BRDA:20,16,0,1
BRDA:20,16,1,0
BRDA:27,17,0,0
BRDA:27,17,1,0
BRDA:27,18,0,0
BRDA:27,18,1,0
BRF:6
BRH:1
end_of_record
TN:
SF:/incubator-superset/superset/assets/src/dashboard/components/CssEditor.jsx
FN:21,onChange
FN:26,CssEditor
FN:36,changeCss
FN:37,(anonymous_14)
FN:42,changeCssTemplate
FN:46,renderTemplateSelector
FN:62,render
FNF:7
FNH:3
FNDA:0,onChange
FNDA:1,CssEditor
FNDA:0,changeCss
FNDA:0,(anonymous_14)
FNDA:0,changeCssTemplate
FNDA:1,renderTemplateSelector
FNDA:1,render
DA:1,1
DA:2,1
DA:3,1
DA:5,1
DA:6,1
DA:7,1
DA:9,1
DA:10,1
DA:12,1
DA:19,1
DA:21,1
DA:25,1
DA:26,1
DA:27,1
DA:28,1
DA:32,1
DA:33,1
DA:36,1
DA:37,0
DA:38,0
DA:42,1
DA:43,0
DA:46,1
DA:47,1
DA:49,1
DA:59,0
DA:62,1
DA:64,1
DA:95,1
DA:96,1
DA:98,1
LF:31
LH:27
BRDA:27,16,0,1
BRDA:27,16,1,0
BRDA:47,17,0,1
BRDA:47,17,1,0
BRDA:84,18,0,1
BRDA:84,18,1,1
BRF:6
BRH:4
end_of_record
TN:
SF:/incubator-superset/superset/assets/src/dashboard/components/Dashboard.jsx
FN:1,_inherits
FN:56,onBeforeUnload
FN:64,unload
FN:70,Dashboard
FN:83,componentDidMount
FN:87,componentWillReceiveProps
FN:93,(anonymous_22)
FN:140,(anonymous_23)
FN:142,(anonymous_24)
FN:148,(anonymous_25)
FN:150,(anonymous_26)
FN:156,componentDidUpdate
FN:164,(anonymous_29)
FN:191,getAllCharts
FN:195,refreshExcept
FN:198,(anonymous_34)
FN:218,render
FNF:17
FNH:14
FNDA:1,_inherits
FNDA:6,onBeforeUnload
FNDA:0,unload
FNDA:11,Dashboard
FNDA:0,componentDidMount
FNDA:8,componentWillReceiveProps
FNDA:0,(anonymous_22)
FNDA:2,(anonymous_23)
FNDA:1,(anonymous_24)
FNDA:2,(anonymous_25)
FNDA:1,(anonymous_26)
FNDA:6,componentDidUpdate
FNDA:7,(anonymous_29)
FNDA:5,getAllCharts
FNDA:5,refreshExcept
FNDA:7,(anonymous_34)
FNDA:17,render
DA:1,1
DA:2,1
DA:3,1
DA:5,1
DA:6,1
DA:7,1
DA:14,1
DA:15,1
DA:16,1
DA:25,1
DA:27,1
DA:29,1
DA:48,1
DA:54,1
DA:56,1
DA:57,6
DA:58,0
DA:60,6
DA:64,1
DA:65,0
DA:66,0
DA:67,0
DA:70,1
DA:71,11
DA:72,11
DA:73,11
DA:79,11
DA:80,11
DA:83,1
DA:84,0
DA:87,1
DA:88,8
DA:90,8
DA:91,8
DA:92,8
DA:95,0
DA:100,0
DA:104,0
DA:110,0
DA:111,0
DA:114,0
DA:115,0
DA:116,0
DA:120,0
DA:124,8
DA:125,8
DA:130,8
DA:131,8
DA:135,8
DA:136,8
DA:138,8
DA:139,1
DA:140,2
DA:142,1
DA:143,1
DA:145,7
DA:147,1
DA:148,2
DA:150,1
DA:151,1
DA:156,1
DA:157,6
DA:158,6
DA:160,4
DA:161,4
DA:162,4
DA:164,4
DA:165,7
DA:171,2
DA:176,4
DA:179,3
DA:183,6
DA:184,0
DA:186,6
DA:191,1
DA:192,5
DA:195,1
DA:196,5
DA:198,5
DA:200,7
DA:201,4
DA:208,4
DA:218,1
DA:219,17
DA:223,1
DA:224,1
DA:226,1
LF:87
LH:72
BRDA:1,20,0,0
BRDA:1,20,1,1
BRDA:1,21,0,1
BRDA:1,21,1,0
BRDA:1,22,0,1
BRDA:1,22,1,1
BRDA:1,23,0,1
BRDA:1,23,1,0
BRDA:1,24,0,1
BRDA:1,24,1,0
BRDA:57,25,0,0
BRDA:57,25,1,6
BRDA:71,26,0,11
BRDA:71,26,1,0
BRDA:88,27,0,8
BRDA:88,27,1,0
BRDA:100,28,0,0
BRDA:100,28,1,0
BRDA:100,29,0,0
BRDA:100,29,1,0
BRDA:100,29,2,0
BRDA:110,30,0,0
BRDA:110,30,1,0
BRDA:114,31,0,0
BRDA:114,31,1,0
BRDA:114,32,0,0
BRDA:114,32,1,0
BRDA:114,32,2,0
BRDA:120,33,0,0
BRDA:120,33,1,0
BRDA:124,34,0,8
BRDA:124,34,1,0
BRDA:124,35,0,8
BRDA:124,35,1,8
BRDA:138,36,0,1
BRDA:138,36,1,7
BRDA:145,37,0,1
BRDA:145,37,1,6
BRDA:158,38,0,4
BRDA:158,38,1,2
BRDA:168,40,0,7
BRDA:168,40,1,6
BRDA:176,41,0,3
BRDA:176,41,1,1
BRDA:176,42,0,4
BRDA:176,42,1,2
BRDA:183,43,0,0
BRDA:183,43,1,6
BRDA:196,44,0,5
BRDA:196,44,1,4
BRDA:200,45,0,4
BRDA:200,45,1,3
BRDA:200,46,0,7
BRDA:200,46,1,6
BRF:54
BRH:31
end_of_record
TN:
SF:/incubator-superset/superset/assets/src/dashboard/util/getChartIdsFromLayout.js
FN:3,getChartIdsFromLayout
FN:4,(anonymous_2)
FNF:2
FNH:2
FNDA:18,getChartIdsFromLayout
FNDA:120,(anonymous_2)
DA:1,1
DA:3,1
DA:4,18
DA:6,120
DA:11,22
DA:13,120
LF:6
LH:6
BRDA:6,1,0,22
BRDA:6,1,1,98
BRDA:6,2,0,120
BRDA:6,2,1,120
BRDA:6,2,2,22
BRDA:6,2,3,22
BRF:6
BRH:6
end_of_record
TN:
SF:/incubator-superset/superset/assets/src/dashboard/containers/DashboardBuilder.jsx
FN:11,mapStateToProps
FN:19,mapDispatchToProps
FNF:2
FNH:0
FNDA:0,mapStateToProps
FNDA:0,mapDispatchToProps
DA:1,1
DA:2,1
DA:3,1
DA:5,1
DA:6,1
DA:11,1
DA:12,0
DA:19,1
DA:20,0
DA:30,1
LF:10
LH:8
BRF:0
BRH:0
end_of_record
TN:
SF:/incubator-superset/superset/assets/src/dashboard/components/DashboardBuilder.jsx
FN:1,_inherits
FN:46,shouldFocusTabs
FN:55,DashboardBuilder
FN:64,getChildContext
FN:70,handleDeleteTopLevelTabs
FN:75,handleChangeTab
FN:76,(anonymous_18)
FN:77,(anonymous_19)
FN:86,render
FN:166,(anonymous_25)
FNF:10
FNH:8
FNDA:1,_inherits
FNDA:0,shouldFocusTabs
FNDA:9,DashboardBuilder
FNDA:11,getChildContext
FNDA:0,handleDeleteTopLevelTabs
FNDA:1,handleChangeTab
FNDA:1,(anonymous_18)
FNDA:1,(anonymous_19)
FNDA:11,render
FNDA:13,(anonymous_25)
DA:1,1
DA:2,1
DA:5,1
DA:6,1
DA:7,1
DA:8,1
DA:9,1
DA:11,1
DA:12,1
DA:13,1
DA:14,1
DA:15,1
DA:16,1
DA:17,1
DA:18,1
DA:20,1
DA:22,1
DA:28,1
DA:29,1
DA:31,1
DA:41,1
DA:45,1
DA:46,1
DA:49,0
DA:55,1
DA:56,9
DA:57,9
DA:60,9
DA:61,9
DA:64,1
DA:65,11
DA:70,1
DA:71,0
DA:72,0
DA:75,1
DA:76,1
DA:77,1
DA:78,1
DA:79,1
DA:86,1
DA:87,11
DA:88,11
DA:89,11
DA:90,11
DA:91,11
DA:94,11
DA:97,11
DA:101,4
DA:102,4
DA:114,4
DA:115,4
DA:150,7
DA:202,1
DA:203,1
DA:204,1
DA:208,1
LF:56
LH:53
BRDA:1,11,0,0
BRDA:1,11,1,1
BRDA:1,12,0,1
BRDA:1,12,1,0
BRDA:1,13,0,1
BRDA:1,13,1,1
BRDA:1,14,0,1
BRDA:1,14,1,0
BRDA:1,15,0,1
BRDA:1,15,1,0
BRDA:49,16,0,0
BRDA:49,16,1,0
BRDA:49,16,2,0
BRDA:56,17,0,9
BRDA:56,17,1,0
BRDA:66,18,0,11
BRDA:66,18,1,11
BRDA:78,19,0,1
BRDA:78,19,1,0
BRDA:92,20,0,11
BRDA:92,20,1,6
BRDA:94,21,0,6
BRDA:94,21,1,5
BRDA:98,22,0,11
BRDA:98,22,1,2
BRDA:117,23,0,4
BRDA:117,23,1,0
BRDA:119,24,0,4
BRDA:119,24,1,3
BRDA:171,25,0,7
BRDA:171,25,1,6
BRDA:188,26,0,11
BRDA:188,26,1,2
BRDA:188,26,2,1
BRDA:191,27,0,0
BRDA:191,27,1,1
BRF:36
BRH:25
end_of_record
TN:
SF:/incubator-superset/superset/assets/src/dashboard/components/BuilderComponentPane.jsx
FN:1,_inherits
FN:29,BuilderComponentPane
FN:39,slide
FN:45,render
FNF:4
FNH:1
FNDA:1,_inherits
FNDA:0,BuilderComponentPane
FNDA:0,slide
FNDA:0,render
DA:1,1
DA:2,1
DA:3,1
DA:4,1
DA:5,1
DA:6,1
DA:8,1
DA:9,1
DA:10,1
DA:11,1
DA:12,1
DA:13,1
DA:14,1
DA:15,1
DA:17,1
DA:19,1
DA:24,1
DA:28,1
DA:29,1
DA:30,0
DA:31,0
DA:35,0
DA:36,0
DA:39,1
DA:40,0
DA:45,1
DA:46,0
DA:48,0
DA:55,0
DA:56,0
DA:58,0
DA:59,0
DA:124,1
DA:125,1
DA:127,1
LF:35
LH:24
BRDA:1,11,0,0
BRDA:1,11,1,1
BRDA:1,12,0,1
BRDA:1,12,1,0
BRDA:1,13,0,1
BRDA:1,13,1,1
BRDA:1,14,0,1
BRDA:1,14,1,0
BRDA:1,15,0,1
BRDA:1,15,1,0
BRDA:30,16,0,0
BRDA:30,16,1,0
BRDA:61,17,0,0
BRDA:61,17,1,0
BRDA:108,18,0,0
BRDA:108,18,1,0
BRF:16
BRH:6
end_of_record
TN:
SF:/incubator-superset/superset/assets/src/dashboard/components/gridComponents/new/NewColumn.jsx
FN:7,DraggableNewColumn
FNF:1
FNH:1
FNDA:2,DraggableNewColumn
DA:1,1
DA:3,1
DA:4,1
DA:5,1
DA:7,1
DA:9,2
LF:6
LH:6
BRF:0
BRH:0
end_of_record
TN:
SF:/incubator-superset/superset/assets/src/dashboard/components/gridComponents/new/DraggableNewComponent.jsx
FN:21,render
FNF:1
FNH:1
FNDA:5,render
DA:1,1
DA:2,1
DA:3,1
DA:5,1
DA:6,1
DA:7,1
DA:9,1
DA:16,1
DA:20,1
DA:21,1
DA:22,5
DA:24,5
DA:34,5
DA:35,5
DA:45,1
DA:46,1
LF:16
LH:16
BRF:0
BRH:0
end_of_record
TN:
SF:/incubator-superset/superset/assets/src/dashboard/components/dnd/DragDroppable.jsx
FN:44,children
FN:45,onDrop
FN:52,UnwrappedDragDroppable
FN:60,componentDidMount
FN:64,componentWillUnmount
FN:68,setRef
FN:83,render
FNF:7
FNH:6
FNDA:4,children
FNDA:0,onDrop
FNDA:159,UnwrappedDragDroppable
FNDA:153,componentDidMount
FNDA:1,componentWillUnmount
FNDA:154,setRef
FNDA:187,render
DA:1,1
DA:2,1
DA:3,1
DA:4,1
DA:5,1
DA:7,1
DA:8,1
DA:9,1
DA:16,1
DA:39,1
DA:44,1
DA:45,1
DA:51,1
DA:52,1
DA:53,159
DA:54,159
DA:57,159
DA:60,1
DA:61,153
DA:64,1
DA:65,1
DA:68,1
DA:69,154
DA:71,154
DA:72,0
DA:78,154
DA:80,154
DA:83,1
DA:93,187
DA:95,187
DA:96,187
DA:109,187
DA:117,187
DA:134,1
DA:135,1
DA:139,1
LF:36
LH:35
BRDA:53,17,0,159
BRDA:53,17,1,0
BRDA:71,18,0,0
BRDA:71,18,1,154
BRDA:98,19,0,1
BRDA:98,19,1,186
BRDA:97,20,0,187
BRDA:97,20,1,1
BRDA:101,21,0,1
BRDA:101,21,1,0
BRDA:102,22,0,1
BRDA:102,22,1,0
BRDA:103,23,0,1
BRDA:103,23,1,0
BRDA:104,24,0,1
BRDA:104,24,1,0
BRDA:110,25,0,62
BRDA:110,25,1,125
BRDA:122,26,0,187
BRDA:122,26,1,79
BRDA:123,27,0,187
BRDA:123,27,1,108
BRDA:124,28,0,187
BRDA:124,28,1,1
BRF:24
BRH:18
end_of_record
TN:
SF:/incubator-superset/superset/assets/src/dashboard/util/propShapes.jsx
FN:16,(anonymous_2)
FN:19,(anonymous_3)
FNF:2
FNH:2
FNDA:3,(anonymous_2)
FNDA:2,(anonymous_3)
DA:1,1
DA:2,1
DA:3,1
DA:4,1
DA:6,1
DA:16,3
DA:19,2
DA:23,1
DA:36,1
DA:51,1
DA:61,1
DA:71,1
LF:12
LH:12
BRF:0
BRH:0
end_of_record
TN:
SF:/incubator-superset/superset/assets/src/dashboard/util/backgroundStyleOptions.js
FNF:0
FNH:0
DA:1,1
DA:2,1
DA:4,1
LF:3
LH:3
BRF:0
BRH:0
end_of_record
TN:
SF:/incubator-superset/superset/assets/src/dashboard/util/headerStyleOptions.js
FNF:0
FNH:0
DA:1,1
DA:2,1
DA:4,1
LF:3
LH:3
BRF:0
BRH:0
end_of_record
TN:
SF:/incubator-superset/superset/assets/src/dashboard/components/dnd/dragDroppableConfig.js
FN:10,canDrag
FN:15,beginDrag
FN:27,dragStateToProps
FN:39,hover
FN:51,drop
FN:60,dropStateToProps
FNF:6
FNH:2
FNDA:0,canDrag
FNDA:0,beginDrag
FNDA:328,dragStateToProps
FNDA:0,hover
FNDA:0,drop
FNDA:328,dropStateToProps
DA:1,1
DA:2,1
DA:5,1
DA:7,1
DA:10,1
DA:11,0
DA:15,1
DA:16,0
DA:17,0
DA:27,1
DA:28,328
DA:36,1
DA:39,1
DA:41,0
DA:45,0
DA:51,1
DA:52,0
DA:53,0
DA:54,0
DA:55,0
DA:57,0
DA:60,1
DA:61,328
LF:23
LH:13
BRDA:16,3,0,0
BRDA:16,3,1,0
BRDA:41,4,0,0
BRDA:41,4,1,0
BRDA:41,5,0,0
BRDA:41,5,1,0
BRDA:41,5,2,0
BRDA:54,6,0,0
BRDA:54,6,1,0
BRDA:54,7,0,0
BRDA:54,7,1,0
BRDA:54,7,2,0
BRF:12
BRH:1
end_of_record
TN:
SF:/incubator-superset/superset/assets/src/dashboard/components/dnd/handleHover.js
FN:6,handleHover
FN:13,(anonymous_3)
FN:17,(anonymous_4)
FNF:3
FNH:0
FNDA:0,handleHover
FNDA:0,(anonymous_3)
FNDA:0,(anonymous_4)
DA:1,1
DA:2,1
DA:4,1
DA:6,1
DA:8,0
DA:10,0
DA:12,0
DA:13,0
DA:17,0
DA:23,1
LF:10
LH:5
BRDA:8,3,0,0
BRDA:8,3,1,0
BRDA:12,4,0,0
BRDA:12,4,1,0
BRF:4
BRH:0
end_of_record
TN:
SF:/incubator-superset/superset/assets/src/dashboard/util/getDropPosition.js
FN:19,clearDropCache
FN:23,getDropPosition
FN:110,(anonymous_4)
FNF:3
FNH:1
FNDA:0,clearDropCache
FNDA:21,getDropPosition
FNDA:0,(anonymous_4)
DA:1,1
DA:2,1
DA:4,1
DA:5,1
DA:6,1
DA:7,1
DA:11,1
DA:12,1
DA:18,1
DA:19,1
DA:20,0
DA:23,1
DA:30,21
DA:32,21
DA:35,21
DA:36,0
DA:41,21
DA:45,0
DA:48,21
DA:54,21
DA:55,21
DA:59,21
DA:65,21
DA:66,1
DA:69,20
DA:70,20
DA:72,20
DA:75,20
DA:77,4
DA:78,2
DA:80,2
DA:83,16
DA:84,16
DA:87,16
DA:88,0
DA:91,16
DA:92,16
DA:93,16
DA:94,16
DA:95,16
DA:108,16
DA:110,0
DA:113,0
DA:117,16
DA:118,4
DA:119,2
DA:122,2
DA:124,2
DA:126,2
DA:130,12
DA:132,12
DA:133,6
DA:134,4
DA:136,6
DA:137,4
DA:141,4
DA:142,2
DA:144,2
DA:147,0
LF:59
LH:52
BRDA:35,3,0,0
BRDA:35,3,1,21
BRDA:35,4,0,21
BRDA:35,4,1,21
BRDA:41,5,0,0
BRDA:41,5,1,21
BRDA:41,6,0,21
BRDA:41,6,1,0
BRDA:41,6,2,0
BRDA:54,7,0,21
BRDA:54,7,1,21
BRDA:57,8,0,0
BRDA:57,8,1,21
BRDA:57,9,0,21
BRDA:57,9,1,21
BRDA:65,10,0,1
BRDA:65,10,1,20
BRDA:65,11,0,21
BRDA:65,11,1,5
BRDA:69,12,0,20
BRDA:69,12,1,0
BRDA:71,13,0,10
BRDA:71,13,1,10
BRDA:73,14,0,10
BRDA:73,14,1,10
BRDA:75,15,0,4
BRDA:75,15,1,16
BRDA:75,16,0,20
BRDA:75,16,1,20
BRDA:75,16,2,16
BRDA:77,17,0,2
BRDA:77,17,1,2
BRDA:78,18,0,1
BRDA:78,18,1,1
BRDA:80,19,0,1
BRDA:80,19,1,1
BRDA:85,20,0,16
BRDA:85,20,1,0
BRDA:87,21,0,0
BRDA:87,21,1,16
BRDA:87,22,0,16
BRDA:87,22,1,16
BRDA:108,23,0,0
BRDA:108,23,1,16
BRDA:108,24,0,16
BRDA:108,24,1,0
BRDA:117,25,0,4
BRDA:117,25,1,12
BRDA:117,26,0,16
BRDA:117,26,1,16
BRDA:118,27,0,2
BRDA:118,27,1,2
BRDA:122,28,0,1
BRDA:122,28,1,1
BRDA:126,29,0,1
BRDA:126,29,1,1
BRDA:130,30,0,12
BRDA:130,30,1,0
BRDA:130,31,0,12
BRDA:130,31,1,12
BRDA:132,32,0,6
BRDA:132,32,1,6
BRDA:133,33,0,2
BRDA:133,33,1,4
BRDA:134,34,0,2
BRDA:134,34,1,2
BRDA:136,35,0,2
BRDA:136,35,1,4
BRDA:137,36,0,2
BRDA:137,36,1,2
BRDA:141,37,0,2
BRDA:141,37,1,2
BRDA:142,38,0,1
BRDA:142,38,1,1
BRDA:144,39,0,1
BRDA:144,39,1,1
BRF:76
BRH:65
end_of_record
TN:
SF:/incubator-superset/superset/assets/src/dashboard/util/isValidChild.js
FN:1,_defineProperty
FN:90,isValidChild
FNF:2
FNH:2
FNDA:35,_defineProperty
FNDA:97,isValidChild
DA:1,35
DA:17,1
DA:30,1
DA:32,1
DA:33,1
DA:34,1
DA:35,1
DA:36,1
DA:39,1
DA:90,97
DA:91,97
DA:92,0
DA:95,97
DA:97,97
LF:14
LH:13
BRDA:1,1,0,0
BRDA:1,1,1,35
BRDA:91,2,0,0
BRDA:91,2,1,97
BRDA:91,3,0,97
BRDA:91,3,1,97
BRDA:91,3,2,97
BRDA:95,4,0,97
BRDA:95,4,1,0
BRDA:97,5,0,97
BRDA:97,5,1,76
BRF:11
BRH:8
end_of_record
TN:
SF:/incubator-superset/superset/assets/src/dashboard/components/dnd/handleDrop.js
FN:9,handleDrop
FN:13,(anonymous_3)
FNF:2
FNH:0
FNDA:0,handleDrop
FNDA:0,(anonymous_3)
DA:1,1
DA:9,1
DA:11,0
DA:13,0
DA:14,0
DA:16,0
DA:17,0
DA:26,0
DA:28,0
DA:30,0
DA:38,0
DA:52,0
DA:53,0
DA:61,0
DA:63,0
DA:66,0
DA:67,0
DA:68,0
DA:71,0
DA:78,0
DA:81,0
LF:21
LH:2
BRDA:11,3,0,0
BRDA:11,3,1,0
BRDA:16,4,0,0
BRDA:16,4,1,0
BRDA:35,5,0,0
BRDA:35,5,1,0
BRDA:31,6,0,0
BRDA:31,6,1,0
BRDA:31,6,2,0
BRDA:31,6,3,0
BRDA:31,6,4,0
BRDA:31,6,5,0
BRDA:52,7,0,0
BRDA:52,7,1,0
BRDA:62,8,0,0
BRDA:62,8,1,0
BRDA:64,9,0,0
BRDA:64,9,1,0
BRDA:66,10,0,0
BRDA:66,10,1,0
BRDA:67,11,0,0
BRDA:67,11,1,0
BRDA:67,12,0,0
BRDA:67,12,1,0
BRF:24
BRH:0
end_of_record
TN:
SF:/incubator-superset/superset/assets/src/dashboard/components/gridComponents/new/NewDivider.jsx
FN:7,DraggableNewDivider
FNF:1
FNH:1
FNDA:2,DraggableNewDivider
DA:1,1
DA:3,1
DA:4,1
DA:5,1
DA:7,1
DA:9,2
LF:6
LH:6
BRF:0
BRH:0
end_of_record
TN:
SF:/incubator-superset/superset/assets/src/dashboard/components/gridComponents/new/NewHeader.jsx
FN:7,DraggableNewHeader
FNF:1
FNH:1
FNDA:2,DraggableNewHeader
DA:1,1
DA:3,1
DA:4,1
DA:5,1
DA:7,1
DA:9,2
LF:6
LH:6
BRF:0
BRH:0
end_of_record
TN:
SF:/incubator-superset/superset/assets/src/dashboard/components/gridComponents/new/NewRow.jsx
FN:7,DraggableNewRow
FNF:1
FNH:1
FNDA:2,DraggableNewRow
DA:1,1
DA:3,1
DA:4,1
DA:5,1
DA:7,1
DA:9,2
LF:6
LH:6
BRF:0
BRH:0
end_of_record
TN:
SF:/incubator-superset/superset/assets/src/dashboard/components/gridComponents/new/NewTabs.jsx
FN:7,DraggableNewTabs
FNF:1
FNH:1
FNDA:2,DraggableNewTabs
DA:1,1
DA:3,1
DA:4,1
DA:5,1
DA:7,1
DA:9,2
LF:6
LH:6
BRF:0
BRH:0
[...]
FNDA:0,getLayers
FNDA:0,(anonymous_26)
FNDA:0,(anonymous_27)
FNDA:0,(anonymous_28)
FNDA:0,toggleCategory
FNDA:0,(anonymous_31)
FNDA:0,(anonymous_32)
FNDA:0,showSingleCategory
FNDA:0,(anonymous_35)
FNDA:0,render
FNDA:0,deckScatter
DA:1,0
DA:3,0
DA:4,0
DA:5,0
DA:7,0
DA:9,0
DA:10,0
DA:12,0
DA:13,0
DA:14,0
DA:15,0
DA:16,0
DA:19,0
DA:20,0
DA:23,0
DA:24,0
DA:25,0
DA:26,0
DA:27,0
DA:29,0
DA:30,0
DA:31,0
DA:32,0
DA:33,0
DA:35,0
DA:37,0
DA:40,0
DA:43,0
DA:44,0
DA:45,0
DA:46,0
DA:48,0
DA:49,0
DA:50,0
DA:51,0
DA:53,0
DA:54,0
DA:55,0
DA:57,0
DA:60,0
DA:66,0
DA:68,0
DA:69,0
DA:72,0
DA:73,0
DA:74,0
DA:78,0
DA:89,0
DA:96,0
DA:98,0
DA:99,0
DA:101,0
DA:102,0
DA:103,0
DA:105,0
DA:107,0
DA:109,0
DA:110,0
DA:111,0
DA:113,0
DA:114,0
DA:115,0
DA:117,0
DA:118,0
DA:120,0
DA:121,0
DA:124,0
DA:125,0
DA:127,0
DA:131,0
DA:132,0
DA:135,0
DA:141,0
DA:143,0
DA:144,0
DA:145,0
DA:146,0
DA:149,0
DA:151,0
DA:154,0
DA:156,0
DA:157,0
DA:159,0
DA:160,0
DA:161,0
DA:163,0
DA:165,0
DA:190,0
DA:192,0
DA:193,0
DA:194,0
DA:200,0
DA:201,0
DA:204,0
DA:215,0
LF:95
LH:0
BRDA:1,16,0,0
BRDA:1,16,1,0
BRDA:1,17,0,0
BRDA:1,17,1,0
BRDA:1,18,0,0
BRDA:1,18,1,0
BRDA:1,19,0,0
BRDA:1,19,1,0
BRDA:1,20,0,0
BRDA:1,20,1,0
BRDA:25,21,0,0
BRDA:25,21,1,0
BRDA:30,22,0,0
BRDA:30,22,1,0
BRDA:30,23,0,0
BRDA:30,23,1,0
BRDA:32,24,0,0
BRDA:32,24,1,0
BRDA:45,25,0,0
BRDA:45,25,1,0
BRDA:49,26,0,0
BRDA:49,26,1,0
BRDA:50,27,0,0
BRDA:50,27,1,0
BRDA:54,28,0,0
BRDA:54,28,1,0
BRDA:66,29,0,0
BRDA:66,29,1,0
BRDA:72,30,0,0
BRDA:72,30,1,0
BRDA:82,31,0,0
BRDA:82,31,1,0
BRDA:83,32,0,0
BRDA:83,32,1,0
BRDA:101,33,0,0
BRDA:101,33,1,0
BRDA:101,33,2,0
BRDA:110,34,0,0
BRDA:110,34,1,0
BRDA:124,35,0,0
BRDA:124,35,1,0
BRDA:124,36,0,0
BRDA:124,36,1,0
BRDA:125,37,0,0
BRDA:125,37,1,0
BRDA:127,38,0,0
BRDA:127,38,1,0
BRDA:131,39,0,0
BRDA:131,39,1,0
BRDA:149,40,0,0
BRDA:149,40,1,0
BRDA:200,41,0,0
BRDA:200,41,1,0
BRF:53
BRH:0
end_of_record
TN:
SF:/incubator-superset/superset/assets/src/visualizations/deckgl/layers/screengrid.jsx
FN:1,_inherits
FN:15,getPoints
FN:16,(anonymous_10)
FN:19,getLayer
FN:22,(anonymous_12)
FN:34,(anonymous_13)
FN:63,getDerivedStateFromProps
FN:67,(anonymous_19)
FN:72,DeckGLScreenGrid
FN:78,componentWillReceiveProps
FN:81,getLayers
FN:86,(anonymous_25)
FN:88,(anonymous_26)
FN:99,render
FN:121,deckScreenGrid
FNF:15
FNH:0
FNDA:0,_inherits
FNDA:0,getPoints
FNDA:0,(anonymous_10)
FNDA:0,getLayer
FNDA:0,(anonymous_12)
FNDA:0,(anonymous_13)
FNDA:0,getDerivedStateFromProps
FNDA:0,(anonymous_19)
FNDA:0,DeckGLScreenGrid
FNDA:0,componentWillReceiveProps
FNDA:0,getLayers
FNDA:0,(anonymous_25)
FNDA:0,(anonymous_26)
FNDA:0,render
FNDA:0,deckScreenGrid
DA:1,0
DA:3,0
DA:4,0
DA:5,0
DA:7,0
DA:9,0
DA:11,0
DA:12,0
DA:13,0
DA:15,0
DA:16,0
DA:19,0
DA:20,0
DA:21,0
DA:22,0
DA:23,0
DA:27,0
DA:29,0
DA:30,0
DA:33,0
DA:34,0
DA:35,0
DA:41,0
DA:49,0
DA:54,0
DA:61,0
DA:63,0
DA:64,0
DA:66,0
DA:67,0
DA:68,0
DA:70,0
DA:72,0
DA:73,0
DA:74,0
DA:76,0
DA:78,0
DA:79,0
DA:81,0
DA:82,0
DA:85,0
DA:86,0
DA:88,0
DA:91,0
DA:97,0
DA:99,0
DA:101,0
DA:119,0
DA:121,0
DA:122,0
DA:123,0
DA:129,0
DA:130,0
DA:133,0
DA:144,0
LF:55
LH:0
BRDA:1,15,0,0
BRDA:1,15,1,0
BRDA:1,16,0,0
BRDA:1,16,1,0
BRDA:1,17,0,0
BRDA:1,17,1,0
BRDA:1,18,0,0
BRDA:1,18,1,0
BRDA:1,19,0,0
BRDA:1,19,1,0
BRDA:27,20,0,0
BRDA:27,20,1,0
BRDA:33,21,0,0
BRDA:33,21,1,0
BRDA:49,22,0,0
BRDA:49,22,1,0
BRDA:66,23,0,0
BRDA:66,23,1,0
BRDA:66,23,2,0
BRDA:73,24,0,0
BRDA:73,24,1,0
BRDA:85,25,0,0
BRDA:85,25,1,0
BRDA:85,26,0,0
BRDA:85,26,1,0
BRDA:86,27,0,0
BRDA:86,27,1,0
BRDA:88,28,0,0
BRDA:88,28,1,0
BRDA:129,29,0,0
BRDA:129,29,1,0
BRF:31
BRH:0
end_of_record
TN:
SF:/incubator-superset/superset/assets/src/visualizations/deckgl/multi.jsx
FN:10,deckMulti
FN:13,render
FN:19,(anonymous_5)
FN:32,(anonymous_6)
FN:49,(anonymous_7)
FNF:5
FNH:0
FNDA:0,deckMulti
FNDA:0,render
FNDA:0,(anonymous_5)
FNDA:0,(anonymous_6)
FNDA:0,(anonymous_7)
DA:1,0
DA:2,0
DA:3,0
DA:5,0
DA:6,0
DA:7,0
DA:10,0
DA:11,0
DA:12,0
DA:13,0
DA:14,0
DA:19,0
DA:20,0
DA:32,0
DA:36,0
DA:37,0
DA:38,0
DA:40,0
DA:48,0
DA:49,0
DA:50,0
DA:51,0
DA:56,0
LF:23
LH:0
BRDA:37,3,0,0
BRDA:37,3,1,0
BRF:2
BRH:0
end_of_record
TN:
SF:/incubator-superset/superset/assets/src/visualizations/EventFlow.jsx
FN:18,renderEventFlow
FN:25,(anonymous_6)
FN:45,(anonymous_7)
FN:46,(anonymous_8)
FN:47,(anonymous_9)
FNF:5
FNH:0
FNDA:0,renderEventFlow
FNDA:0,(anonymous_6)
FNDA:0,(anonymous_7)
FNDA:0,(anonymous_8)
FNDA:0,(anonymous_9)
DA:1,0
DA:2,0
DA:4,0
DA:12,0
DA:18,0
DA:19,0
DA:20,0
DA:23,0
DA:25,0
DA:26,0
DA:30,0
DA:38,0
DA:39,0
DA:40,0
DA:41,0
DA:44,0
DA:45,0
DA:46,0
DA:47,0
DA:50,0
DA:51,0
DA:52,0
DA:54,0
DA:56,0
DA:59,0
DA:62,0
LF:26
LH:0
BRDA:20,8,0,0
BRDA:20,8,1,0
BRDA:32,9,0,0
BRDA:32,9,1,0
BRDA:39,10,0,0
BRDA:39,10,1,0
BRF:6
BRH:0
end_of_record
TN:
SF:/incubator-superset/superset/assets/src/visualizations/filter_box.jsx
FN:1,_inherits
FN:41,onChange
FN:51,FilterBox
FN:58,getControlData
FN:73,clickApply
FN:75,(anonymous_16)
FN:84,changeFilter
FN:89,(anonymous_19)
FN:103,render
FN:133,(anonymous_22)
FN:144,(anonymous_23)
FN:159,(anonymous_24)
FN:172,(anonymous_25)
FN:175,(anonymous_26)
FN:186,(anonymous_27)
FN:201,(anonymous_28)
FN:230,filterBox
FN:240,(anonymous_30)
FNF:18
FNH:0
FNDA:0,_inherits
FNDA:0,onChange
FNDA:0,FilterBox
FNDA:0,getControlData
FNDA:0,clickApply
FNDA:0,(anonymous_16)
FNDA:0,changeFilter
FNDA:0,(anonymous_19)
FNDA:0,render
FNDA:0,(anonymous_22)
FNDA:0,(anonymous_23)
FNDA:0,(anonymous_24)
FNDA:0,(anonymous_25)
FNDA:0,(anonymous_26)
FNDA:0,(anonymous_27)
FNDA:0,(anonymous_28)
FNDA:0,filterBox
FNDA:0,(anonymous_30)
DA:1,0
DA:2,0
DA:3,0
DA:4,0
DA:5,0
DA:6,0
DA:7,0
DA:8,0
DA:10,0
DA:11,0
DA:12,0
DA:13,0
DA:14,0
DA:15,0
DA:16,0
DA:17,0
DA:20,0
DA:27,0
DA:39,0
DA:41,0
DA:50,0
DA:51,0
DA:52,0
DA:53,0
DA:58,0
DA:59,0
DA:60,0
DA:66,0
DA:67,0
DA:68,0
DA:69,0
DA:71,0
DA:73,0
DA:74,0
DA:75,0
DA:76,0
DA:77,0
DA:78,0
DA:80,0
DA:82,0
DA:84,0
DA:85,0
DA:86,0
DA:87,0
DA:88,0
DA:89,0
DA:90,0
DA:91,0
DA:93,0
DA:96,0
DA:97,0
DA:98,0
DA:99,0
DA:100,0
DA:103,0
DA:104,0
DA:105,0
DA:106,0
DA:108,0
DA:121,0
DA:122,0
DA:123,0
DA:124,0
DA:125,0
DA:126,0
DA:127,0
DA:128,0
DA:129,0
DA:134,0
DA:139,0
DA:140,0
DA:145,0
DA:152,0
DA:154,0
DA:159,0
DA:160,0
DA:161,0
DA:162,0
DA:168,0
DA:172,0
DA:173,0
DA:174,0
DA:175,0
DA:176,0
DA:179,0
DA:187,0
DA:188,0
DA:192,0
DA:196,0
DA:201,0
DA:207,0
DA:227,0
DA:228,0
DA:230,0
DA:231,0
DA:232,0
DA:236,0
DA:237,0
DA:240,0
DA:241,0
DA:243,0
DA:260,0
LF:102
LH:0
BRDA:1,11,0,0
BRDA:1,11,1,0
BRDA:1,12,0,0
BRDA:1,12,1,0
BRDA:1,13,0,0
BRDA:1,13,1,0
BRDA:1,14,0,0
BRDA:1,14,1,0
BRDA:1,15,0,0
BRDA:1,15,1,0
BRDA:52,16,0,0
BRDA:52,16,1,0
BRDA:68,17,0,0
BRDA:68,17,1,0
BRDA:77,18,0,0
BRDA:77,18,1,0
BRDA:85,19,0,0
BRDA:85,19,1,0
BRDA:87,20,0,0
BRDA:87,20,1,0
BRDA:88,21,0,0
BRDA:88,21,1,0
BRDA:90,22,0,0
BRDA:90,22,1,0
BRDA:99,23,0,0
BRDA:99,23,1,0
BRDA:106,24,0,0
BRDA:106,24,1,0
BRDA:124,25,0,0
BRDA:124,25,1,0
BRDA:125,26,0,0
BRDA:125,26,1,0
BRDA:126,27,0,0
BRDA:126,27,1,0
BRDA:127,28,0,0
BRDA:127,28,1,0
BRDA:128,29,0,0
BRDA:128,29,1,0
BRDA:139,30,0,0
BRDA:139,30,1,0
BRDA:154,31,0,0
BRDA:154,31,1,0
BRDA:154,32,0,0
BRDA:154,32,1,0
BRDA:161,33,0,0
BRDA:161,33,1,0
BRDA:180,37,0,0
BRDA:180,37,1,0
BRDA:212,38,0,0
BRDA:212,38,1,0
BRDA:253,39,0,0
BRDA:253,39,1,0
BRF:52
BRH:0
end_of_record
TN:
SF:/incubator-superset/superset/assets/src/visualizations/Legend.jsx
FN:15,toggleCategory
FN:16,showSingleCategory
FN:21,render
FN:26,(anonymous_20)
FNF:4
FNH:0
FNDA:0,toggleCategory
FNDA:0,showSingleCategory
FNDA:0,render
FNDA:0,(anonymous_20)
DA:1,0
DA:2,0
DA:4,0
DA:6,0
DA:13,0
DA:15,0
DA:16,0
DA:20,0
DA:21,0
DA:22,0
DA:23,0
DA:26,0
DA:27,0
DA:28,0
DA:30,0
DA:33,0
DA:34,0
DA:42,0
DA:43,0
DA:44,0
DA:50,0
DA:57,0
DA:58,0
LF:23
LH:0
BRDA:22,25,0,0
BRDA:22,25,1,0
BRDA:28,26,0,0
BRDA:28,26,1,0
BRDA:42,27,0,0
BRDA:42,27,1,0
BRDA:43,28,0,0
BRDA:43,28,1,0
BRF:8
BRH:0
end_of_record
TN:
SF:/incubator-superset/superset/assets/src/visualizations/mapbox.jsx
FN:1,_inherits
FN:23,NOOP
FN:26,componentDidMount
FN:30,componentDidUpdate
FN:33,drawText
FN:62,redraw
FN:73,(anonymous_21)
FN:106,_forEach
FN:191,render
FN:243,MapboxViz
FN:259,onViewportChange
FN:266,render
FN:302,lngLatAccessor
FN:329,mapbox
FN:345,reducer
FN:353,reducer
FNF:16
FNH:0
FNDA:0,_inherits
FNDA:0,NOOP
FNDA:0,componentDidMount
FNDA:0,componentDidUpdate
FNDA:0,drawText
FNDA:0,redraw
FNDA:0,(anonymous_21)
FNDA:0,_forEach
FNDA:0,render
FNDA:0,MapboxViz
FNDA:0,onViewportChange
FNDA:0,render
FNDA:0,lngLatAccessor
FNDA:0,mapbox
FNDA:0,reducer
FNDA:0,reducer
DA:1,0
DA:3,0
DA:4,0
DA:5,0
DA:6,0
DA:7,0
DA:8,0
DA:9,0
DA:10,0
DA:12,0
DA:21,0
DA:23,0
DA:25,0
DA:26,0
DA:27,0
DA:30,0
DA:31,0
DA:33,0
DA:34,0
DA:35,0
DA:36,0
DA:37,0
DA:39,0
DA:40,0
DA:41,0
DA:42,0
DA:43,0
DA:44,0
DA:45,0
DA:46,0
DA:49,0
DA:50,0
DA:51,0
DA:52,0
DA:55,0
DA:56,0
DA:57,0
DA:58,0
DA:62,0
DA:63,0
DA:64,0
DA:65,0
DA:66,0
DA:67,0
DA:68,0
DA:69,0
DA:70,0
DA:71,0
DA:73,0
DA:74,0
DA:75,0
DA:79,0
DA:80,0
DA:81,0
DA:82,0
DA:83,0
DA:84,0
DA:85,0
DA:86,0
DA:88,0
DA:92,0
DA:95,0
DA:96,0
DA:100,0
DA:101,0
DA:102,0
DA:103,0
DA:105,0
DA:106,0
DA:107,0
DA:108,0
DA:110,0
DA:114,0
DA:115,0
DA:116,0
DA:117,0
DA:118,0
DA:119,0
DA:124,0
DA:125,0
DA:126,0
DA:127,0
DA:128,0
DA:130,0
DA:131,0
DA:132,0
DA:133,0
DA:134,0
DA:136,0
DA:145,0
DA:146,0
DA:147,0
DA:148,0
DA:149,0
DA:151,0
DA:152,0
DA:153,0
DA:154,0
DA:155,0
DA:156,0
DA:157,0
DA:158,0
DA:162,0
DA:163,0
DA:167,0
DA:168,0
DA:171,0
DA:172,0
DA:173,0
DA:175,0
DA:176,0
DA:189,0
DA:191,0
DA:192,0
DA:193,0
DA:194,0
DA:195,0
DA:196,0
DA:198,0
DA:199,0
DA:201,0
DA:218,0
DA:228,0
DA:229,0
DA:237,0
DA:242,0
DA:243,0
DA:244,0
DA:245,0
DA:246,0
DA:248,0
DA:256,0
DA:259,0
DA:260,0
DA:261,0
DA:262,0
DA:263,0
DA:266,0
DA:267,0
DA:274,0
DA:275,0
DA:276,0
DA:277,0
DA:278,0
DA:281,0
DA:302,0
DA:303,0
DA:304,0
DA:311,0
DA:329,0
DA:330,0
DA:331,0
DA:332,0
DA:335,0
DA:336,0
DA:337,0
DA:341,0
DA:342,0
DA:344,0
DA:345,0
DA:346,0
DA:348,0
DA:349,0
DA:350,0
DA:351,0
DA:353,0
DA:354,0
DA:355,0
DA:356,0
DA:358,0
DA:359,0
DA:361,0
DA:362,0
DA:363,0
DA:365,0
DA:369,0
DA:375,0
DA:377,0
DA:378,0
DA:393,0
LF:180
LH:0
BRDA:1,13,0,0
BRDA:1,13,1,0
BRDA:1,14,0,0
BRDA:1,14,1,0
BRDA:1,15,0,0
BRDA:1,15,1,0
BRDA:1,16,0,0
BRDA:1,16,1,0
BRDA:1,17,0,0
BRDA:1,17,1,0
BRDA:33,19,0,0
BRDA:33,19,1,0
BRDA:33,20,0,0
BRDA:33,20,1,0
BRDA:35,21,0,0
BRDA:35,21,1,0
BRDA:35,22,0,0
BRDA:35,22,1,0
BRDA:35,23,0,0
BRDA:35,23,1,0
BRDA:35,24,0,0
BRDA:35,24,1,0
BRDA:35,25,0,0
BRDA:35,25,1,0
BRDA:40,26,0,0
BRDA:40,26,1,0
BRDA:44,27,0,0
BRDA:44,27,1,0
BRDA:46,28,0,0
BRDA:46,28,1,0
BRDA:50,29,0,0
BRDA:50,29,1,0
BRDA:64,30,0,0
BRDA:64,30,1,0
BRDA:74,31,0,0
BRDA:74,31,1,0
BRDA:76,32,0,0
BRDA:76,32,1,0
BRDA:79,33,0,0
BRDA:79,33,1,0
BRDA:81,34,0,0
BRDA:81,34,1,0
BRDA:83,35,0,0
BRDA:83,35,1,0
BRDA:85,36,0,0
BRDA:85,36,1,0
BRDA:93,37,0,0
BRDA:93,37,1,0
BRDA:105,38,0,0
BRDA:105,38,1,0
BRDA:105,39,0,0
BRDA:105,39,1,0
BRDA:105,39,2,0
BRDA:110,40,0,0
BRDA:110,40,1,0
BRDA:110,41,0,0
BRDA:110,41,1,0
BRDA:110,41,2,0
BRDA:110,41,3,0
BRDA:115,42,0,0
BRDA:115,42,1,0
BRDA:130,43,0,0
BRDA:130,43,1,0
BRDA:131,44,0,0
BRDA:131,44,1,0
BRDA:133,45,0,0
BRDA:133,45,1,0
BRDA:148,46,0,0
BRDA:148,46,1,0
BRDA:151,47,0,0
BRDA:151,47,1,0
BRDA:153,48,0,0
BRDA:153,48,1,0
BRDA:156,49,0,0
BRDA:156,49,1,0
BRDA:162,50,0,0
BRDA:162,50,1,0
BRDA:163,51,0,0
BRDA:163,51,1,0
BRDA:167,52,0,0
BRDA:167,52,1,0
BRDA:175,53,0,0
BRDA:175,53,1,0
BRDA:194,54,0,0
BRDA:194,54,1,0
BRDA:199,55,0,0
BRDA:199,55,1,0
BRDA:244,56,0,0
BRDA:244,56,1,0
BRDA:245,57,0,0
BRDA:245,57,1,0
BRDA:246,58,0,0
BRDA:246,58,1,0
BRDA:252,59,0,0
BRDA:252,59,1,0
BRDA:278,60,0,0
BRDA:278,60,1,0
BRDA:336,61,0,0
BRDA:336,61,1,0
BRDA:344,62,0,0
BRDA:344,62,1,0
BRDA:344,63,0,0
BRDA:344,63,1,0
BRDA:348,64,0,0
BRDA:348,64,1,0
BRDA:350,65,0,0
BRDA:350,65,1,0
BRDA:354,66,0,0
BRDA:354,66,1,0
BRDA:355,67,0,0
BRDA:355,67,1,0
BRDA:361,68,0,0
BRDA:361,68,1,0
BRDA:387,69,0,0
BRDA:387,69,1,0
BRF:115
BRH:5
end_of_record
TN:
SF:/incubator-superset/superset/assets/src/visualizations/paired_ttest.jsx
FN:13,TTestTable
FN:22,componentWillMount
FN:26,getLiftStatus
FN:38,getPValueStatus
FN:49,getSignificance
FN:58,computeLift
FN:70,computePValue
FN:95,computeTTest
FN:116,render
FN:121,(anonymous_26)
FN:129,(anonymous_27)
FN:130,(anonymous_28)
FN:171,sortFunction
FN:183,sortFunction
FN:195,sortFunction
FN:241,pairedTTestVis
FN:250,(anonymous_36)
FNF:17
FNH:0
FNDA:0,TTestTable
FNDA:0,componentWillMount
FNDA:0,getLiftStatus
FNDA:0,getPValueStatus
FNDA:0,getSignificance
FNDA:0,computeLift
FNDA:0,computePValue
FNDA:0,computeTTest
FNDA:0,render
FNDA:0,(anonymous_26)
FNDA:0,(anonymous_27)
FNDA:0,(anonymous_28)
FNDA:0,sortFunction
FNDA:0,sortFunction
FNDA:0,sortFunction
FNDA:0,pairedTTestVis
FNDA:0,(anonymous_36)
DA:1,0
DA:2,0
DA:4,0
DA:5,0
DA:6,0
DA:7,0
DA:9,0
DA:11,0
DA:13,0
DA:14,0
DA:15,0
DA:22,0
DA:23,0
DA:26,0
DA:28,0
DA:29,0
DA:31,0
DA:32,0
DA:33,0
DA:35,0
DA:38,0
DA:39,0
DA:40,0
DA:42,0
DA:43,0
DA:44,0
DA:46,0
DA:49,0
DA:51,0
DA:52,0
DA:55,0
DA:58,0
DA:60,0
DA:61,0
DA:62,0
DA:63,0
DA:64,0
DA:66,0
DA:70,0
DA:73,0
DA:74,0
DA:75,0
DA:76,0
DA:77,0
DA:78,0
DA:80,0
DA:81,0
DA:84,0
DA:87,0
DA:88,0
DA:91,0
DA:95,0
DA:98,0
DA:99,0
DA:100,0
DA:101,0
DA:104,0
DA:105,0
DA:106,0
DA:107,0
DA:109,0
DA:110,0
DA:113,0
DA:116,0
DA:117,0
DA:118,0
DA:119,0
DA:121,0
DA:122,0
DA:124,0
DA:126,0
DA:127,0
DA:128,0
DA:129,0
DA:130,0
DA:133,0
DA:141,0
DA:149,0
DA:158,0
DA:168,0
DA:171,0
DA:172,0
DA:173,0
DA:175,0
DA:176,0
DA:178,0
DA:183,0
DA:184,0
DA:185,0
DA:187,0
DA:188,0
DA:190,0
DA:195,0
DA:196,0
DA:197,0
DA:199,0
DA:200,0
DA:202,0
DA:207,0
DA:224,0
DA:232,0
DA:241,0
DA:242,0
DA:243,0
DA:244,0
DA:245,0
DA:246,0
DA:247,0
DA:248,0
DA:249,0
DA:250,0
DA:261,0
DA:262,0
DA:274,0
DA:277,0
LF:115
LH:0
BRDA:14,16,0,0
BRDA:14,16,1,0
BRDA:28,17,0,0
BRDA:28,17,1,0
BRDA:32,18,0,0
BRDA:32,18,1,0
BRDA:32,19,0,0
BRDA:32,19,1,0
BRDA:35,20,0,0
BRDA:35,20,1,0
BRDA:39,21,0,0
BRDA:39,21,1,0
BRDA:43,22,0,0
BRDA:43,22,1,0
BRDA:43,23,0,0
BRDA:43,23,1,0
BRDA:51,24,0,0
BRDA:51,24,1,0
BRDA:78,25,0,0
BRDA:78,25,1,0
BRDA:101,26,0,0
BRDA:101,26,1,0
BRDA:105,27,0,0
BRDA:105,27,1,0
BRDA:161,28,0,0
BRDA:161,28,1,0
BRDA:172,29,0,0
BRDA:172,29,1,0
BRDA:175,30,0,0
BRDA:175,30,1,0
BRDA:178,31,0,0
BRDA:178,31,1,0
BRDA:184,32,0,0
BRDA:184,32,1,0
BRDA:187,33,0,0
BRDA:187,33,1,0
BRDA:190,34,0,0
BRDA:190,34,1,0
BRDA:196,35,0,0
BRDA:196,35,1,0
BRDA:199,36,0,0
BRDA:199,36,1,0
BRDA:202,37,0,0
BRDA:202,37,1,0
BRDA:257,38,0,0
BRDA:257,38,1,0
BRDA:258,39,0,0
BRDA:258,39,1,0
BRF:48
BRH:0
end_of_record
TN:
SF:/incubator-superset/superset/assets/src/visualizations/PlaySlider.jsx
FN:27,onChange
FN:36,PlaySlider
FN:53,componentDidMount
FN:56,componentWillUnmount
FN:59,onChange
FN:65,getPlayClass
FN:71,play
FN:82,pause
FN:86,step
FN:90,(anonymous_26)
FN:93,(anonymous_27)
FN:97,formatter
FN:108,(anonymous_30)
FN:110,render
FNF:14
FNH:0
FNDA:0,onChange
FNDA:0,PlaySlider
FNDA:0,componentDidMount
FNDA:0,componentWillUnmount
FNDA:0,onChange
FNDA:0,getPlayClass
FNDA:0,play
FNDA:0,pause
FNDA:0,step
FNDA:0,(anonymous_26)
FNDA:0,(anonymous_27)
FNDA:0,formatter
FNDA:0,(anonymous_30)
FNDA:0,render
DA:1,0
DA:2,0
DA:3,0
DA:5,0
DA:7,0
DA:8,0
DA:9,0
DA:11,0
DA:13,0
DA:26,0
DA:27,0
DA:35,0
DA:36,0
DA:37,0
DA:38,0
DA:40,0
DA:41,0
DA:42,0
DA:43,0
DA:44,0
DA:46,0
DA:47,0
DA:48,0
DA:49,0
DA:50,0
DA:51,0
DA:53,0
DA:54,0
DA:56,0
DA:57,0
DA:59,0
DA:60,0
DA:61,0
DA:62,0
DA:65,0
DA:66,0
DA:67,0
DA:69,0
DA:71,0
DA:72,0
DA:75,0
DA:76,0
DA:78,0
DA:79,0
DA:82,0
DA:83,0
DA:84,0
DA:86,0
DA:87,0
DA:90,0
DA:91,0
DA:92,0
DA:93,0
DA:95,0
DA:97,0
DA:98,0
DA:99,0
DA:102,0
DA:103,0
DA:104,0
DA:105,0
DA:106,0
DA:108,0
DA:110,0
DA:112,0
DA:135,0
DA:136,0
LF:67
LH:0
BRDA:37,16,0,0
BRDA:37,16,1,0
BRDA:44,17,0,0
BRDA:44,17,1,0
BRDA:61,18,0,0
BRDA:61,18,1,0
BRDA:66,19,0,0
BRDA:66,19,1,0
BRDA:72,20,0,0
BRDA:72,20,1,0
BRDA:75,21,0,0
BRDA:75,21,1,0
BRDA:87,22,0,0
BRDA:87,22,1,0
BRDA:91,23,0,0
BRDA:91,23,1,0
BRDA:98,24,0,0
BRDA:98,24,1,0
BRDA:103,25,0,0
BRDA:103,25,1,0
BRDA:105,26,0,0
BRDA:105,26,1,0
BRDA:127,27,0,0
BRDA:127,27,1,0
BRF:24
BRH:0
end_of_record
TN:
SF:/incubator-superset/superset/assets/src/visualizations/SparklineCell.jsx
FN:26,renderTooltip
FN:42,getSparklineTextWidth
FN:53,isValidBoundValue
FN:58,renderHorizontalReferenceLine
FN:71,render
FN:108,(anonymous_24)
FN:111,(anonymous_25)
FNF:7
FNH:0
FNDA:0,renderTooltip
FNDA:0,getSparklineTextWidth
FNDA:0,isValidBoundValue
FNDA:0,renderHorizontalReferenceLine
FNDA:0,render
FNDA:0,(anonymous_24)
FNDA:0,(anonymous_25)
DA:1,0
DA:2,0
DA:3,0
DA:4,0
DA:5,0
DA:7,0
DA:18,0
DA:26,0
DA:29,0
DA:35,0
DA:42,0
DA:43,0
DA:53,0
DA:54,0
DA:57,0
DA:58,0
DA:60,0
DA:63,0
DA:71,0
DA:81,0
DA:83,0
DA:84,0
DA:85,0
DA:87,0
DA:88,0
DA:89,0
DA:90,0
DA:91,0
DA:93,0
DA:94,0
DA:95,0
DA:99,0
DA:100,0
DA:101,0
DA:102,0
DA:103,0
DA:104,0
DA:105,0
DA:106,0
DA:108,0
DA:109,0
DA:111,0
DA:113,0
DA:114,0
DA:115,0
DA:121,0
DA:127,0
DA:132,0
DA:133,0
DA:170,0
DA:171,0
DA:173,0
LF:52
LH:0
BRDA:54,25,0,0
BRDA:54,25,1,0
BRDA:54,25,2,0
BRDA:54,25,3,0
BRDA:87,27,0,0
BRDA:87,27,1,0
BRDA:90,28,0,0
BRDA:90,28,1,0
BRDA:94,29,0,0
BRDA:94,29,1,0
BRDA:104,30,0,0
BRDA:104,30,1,0
BRDA:107,31,0,0
BRDA:107,31,1,0
BRDA:110,32,0,0
BRDA:110,32,1,0
BRDA:144,33,0,0
BRDA:144,33,1,0
BRDA:146,34,0,0
BRDA:146,34,1,0
BRDA:152,35,0,0
BRDA:152,35,1,0
BRDA:158,36,0,0
BRDA:158,36,1,0
BRF:24
BRH:0
end_of_record
TN:
SF:/incubator-superset/superset/assets/src/visualizations/time_table.jsx
FN:17,FormattedNumber
FN:31,viz
FN:35,(anonymous_7)
FN:38,(anonymous_8)
FN:50,(anonymous_9)
FN:66,(anonymous_10)
FN:70,(anonymous_11)
FN:129,(anonymous_14)
FN:130,(anonymous_15)
FN:134,(anonymous_16)
FN:135,(anonymous_17)
FN:174,(anonymous_18)
FN:178,(anonymous_19)
FN:189,(anonymous_20)
FN:192,(anonymous_21)
FNF:15
FNH:0
FNDA:0,FormattedNumber
FNDA:0,viz
FNDA:0,(anonymous_7)
FNDA:0,(anonymous_8)
FNDA:0,(anonymous_9)
FNDA:0,(anonymous_10)
FNDA:0,(anonymous_11)
FNDA:0,(anonymous_14)
FNDA:0,(anonymous_15)
FNDA:0,(anonymous_16)
FNDA:0,(anonymous_17)
FNDA:0,(anonymous_18)
FNDA:0,(anonymous_19)
FNDA:0,(anonymous_20)
FNDA:0,(anonymous_21)
DA:1,0
DA:2,0
DA:3,0
DA:4,0
DA:5,0
DA:6,0
DA:8,0
DA:9,0
DA:10,0
DA:11,0
DA:12,0
DA:13,0
DA:15,0
DA:17,0
DA:18,0
DA:20,0
DA:23,0
DA:26,0
DA:31,0
DA:32,0
DA:33,0
DA:34,0
DA:35,0
DA:36,0
DA:37,0
DA:38,0
DA:39,0
DA:42,0
DA:43,0
DA:44,0
DA:45,0
DA:46,0
DA:48,0
DA:50,0
DA:51,0
DA:52,0
DA:53,0
DA:54,0
DA:55,0
DA:56,0
DA:58,0
DA:61,0
DA:65,0
DA:66,0
DA:67,0
DA:68,0
DA:69,0
DA:70,0
DA:73,0
DA:74,0
DA:75,0
DA:76,0
DA:77,0
DA:79,0
DA:84,0
DA:86,0
DA:97,0
DA:98,0
DA:107,0
DA:108,0
DA:109,0
DA:110,0
DA:112,0
DA:113,0
DA:114,0
DA:115,0
DA:117,0
DA:119,0
DA:120,0
DA:121,0
DA:122,0
DA:123,0
DA:124,0
DA:126,0
DA:128,0
DA:129,0
DA:130,0
DA:131,0
DA:133,0
DA:134,0
DA:135,0
DA:137,0
DA:138,0
DA:139,0
DA:146,0
DA:147,0
DA:148,0
DA:149,0
DA:150,0
DA:152,0
DA:166,0
DA:169,0
DA:174,0
DA:179,0
DA:190,0
DA:193,0
DA:207,0
LF:97
LH:0
BRDA:18,8,0,0
BRDA:18,8,1,0
BRDA:44,9,0,0
BRDA:44,9,1,0
BRDA:53,10,0,0
BRDA:53,10,1,0
BRDA:54,11,0,0
BRDA:54,11,1,0
BRDA:55,12,0,0
BRDA:55,12,1,0
BRDA:55,13,0,0
BRDA:55,13,1,0
BRDA:56,14,0,0
BRDA:56,14,1,0
BRDA:62,15,0,0
BRDA:62,15,1,0
BRDA:67,16,0,0
BRDA:67,16,1,0
BRDA:69,17,0,0
BRDA:69,17,1,0
BRDA:76,18,0,0
BRDA:76,18,1,0
BRDA:76,19,0,0
BRDA:76,19,1,0
BRDA:90,20,0,0
BRDA:90,20,1,0
BRDA:91,21,0,0
BRDA:91,21,1,0
BRDA:110,22,0,0
BRDA:110,22,1,0
BRDA:114,23,0,0
BRDA:114,23,1,0
BRDA:119,24,0,0
BRDA:119,24,1,0
BRDA:121,25,0,0
BRDA:121,25,1,0
BRDA:123,26,0,0
BRDA:123,26,1,0
BRDA:126,27,0,0
BRDA:126,27,1,0
BRDA:129,28,0,0
BRDA:129,28,1,0
BRDA:131,29,0,0
BRDA:131,29,1,0
BRDA:134,30,0,0
BRDA:134,30,1,0
BRDA:138,31,0,0
BRDA:138,31,1,0
BRDA:138,32,0,0
BRDA:138,32,1,0
BRDA:138,32,2,0
BRDA:147,33,0,0
BRDA:147,33,1,0
BRDA:147,34,0,0
BRDA:147,34,1,0
BRDA:148,35,0,0
BRDA:148,35,1,0
BRDA:149,36,0,0
BRDA:149,36,1,0
BRDA:149,37,0,0
BRDA:149,37,1,0
BRDA:150,38,0,0
BRDA:150,38,1,0
BRDA:155,39,0,0
BRDA:155,39,1,0
BRDA:159,40,0,0
BRDA:159,40,1,0
BRDA:179,41,0,0
BRDA:179,41,1,0
BRDA:180,42,0,0
BRDA:180,42,1,0
BRF:71
BRH:0
end_of_record
TN:
SF:/incubator-superset/superset/assets/src/welcome/index.jsx
FNF:0
FNH:0
DA:2,0
DA:3,0
DA:4,0
DA:6,0
DA:7,0
DA:9,0
DA:11,0
DA:12,0
DA:13,0
DA:17,0
LF:10
LH:0
BRF:0
BRH:0
end_of_record
